This file contains any messages produced by compilers while
running configure, to aid debugging if configure makes a mistake.

It was created by Ipopt configure 3.12.1, which was
generated by GNU Autoconf 2.59.  Invocation command line was

  $ ./configure --prefix=/usr/local --prefix=/usr/local coin_skip_warn_cxxflags=yes --with-blas=/usr/local/lib/libcoinblas.a -lgfortran --with-lapack=/usr/local/lib/libcoinlapack.a --cache-file=/dev/null --srcdir=.

## --------- ##
## Platform. ##
## --------- ##

hostname = jonathans-mbp.lan
uname -m = x86_64
uname -r = 17.4.0
uname -s = Darwin
uname -v = Darwin Kernel Version 17.4.0: Sun Dec 17 09:19:54 PST 2017; root:xnu-4570.41.2~1/RELEASE_X86_64

/usr/bin/uname -p = i386
/bin/uname -X     = unknown

/bin/arch              = unknown
/usr/bin/arch -k       = unknown
/usr/convex/getsysinfo = unknown
hostinfo               = Mach kernel version:
	 Darwin Kernel Version 17.4.0: Sun Dec 17 09:19:54 PST 2017; root:xnu-4570.41.2~1/RELEASE_X86_64
Kernel configured for up to 4 processors.
2 processors are physically available.
4 processors are logically available.
Processor type: x86_64h (Intel x86-64h Haswell)
Processors active: 0 1 2 3
Primary memory available: 16.00 gigabytes
Default processor set: 369 tasks, 1466 threads, 4 processors
Load average: 2.01, Mach factor: 1.98
/bin/machine           = unknown
/usr/bin/oslevel       = unknown
/bin/universe          = unknown

PATH: /Users/venice/torch/install/bin
PATH: /Users/venice/.rbenv/shims
PATH: /Users/venice/.rbenv/bin
PATH: /usr/local/sbin
PATH: /usr/local/bin
PATH: /usr/bin
PATH: /bin
PATH: /usr/sbin
PATH: /sbin
PATH: /usr/local/go/bin
PATH: /opt/X11/bin


## ----------- ##
## Core tests. ##
## ----------- ##

configure:1714: checking build system type
configure:1732: result: i386-apple-darwin17.4.0
configure:1805: checking for svnversion
configure:1821: found /usr/bin/svnversion
configure:1832: result: yes
configure:1862: checking whether we want to compile in debug mode
configure:1908: result: no
configure:1965: checking for egrep
configure:1975: result: grep -E
configure:1980: checking whether ln -s works
configure:1984: result: yes
configure:2200: checking for clang
configure:2216: found /usr/bin/clang
configure:2226: result: clang
configure:2247: checking for C compiler version
configure:2250: clang --version </dev/null >&5
Apple LLVM version 9.1.0 (clang-902.0.39.1)
Target: x86_64-apple-darwin17.4.0
Thread model: posix
InstalledDir: /Applications/Xcode.app/Contents/Developer/Toolchains/XcodeDefault.xctoolchain/usr/bin
configure:2253: $? = 0
configure:2255: clang -v </dev/null >&5
Apple LLVM version 9.1.0 (clang-902.0.39.1)
Target: x86_64-apple-darwin17.4.0
Thread model: posix
InstalledDir: /Applications/Xcode.app/Contents/Developer/Toolchains/XcodeDefault.xctoolchain/usr/bin
configure:2258: $? = 0
configure:2260: clang -V </dev/null >&5
clang: error: argument to '-V' is missing (expected 1 value)
clang: error: no input files
configure:2263: $? = 1
configure:2286: checking for C compiler default output file name
configure:2289: clang    conftest.c  >&5
configure:2292: $? = 0
configure:2338: result: a.out
configure:2343: checking whether the C compiler works
configure:2349: ./a.out
configure:2352: $? = 0
configure:2369: result: yes
configure:2376: checking whether we are cross compiling
configure:2378: result: no
configure:2381: checking for suffix of executables
configure:2383: clang -o conftest    conftest.c  >&5
configure:2386: $? = 0
configure:2411: result: 
configure:2417: checking for suffix of object files
configure:2438: clang -c   conftest.c >&5
configure:2441: $? = 0
configure:2463: result: o
configure:2467: checking whether we are using the GNU C compiler
configure:2491: clang -c   conftest.c >&5
configure:2497: $? = 0
configure:2501: test -z 
			 || test ! -s conftest.err
configure:2504: $? = 0
configure:2507: test -s conftest.o
configure:2510: $? = 0
configure:2523: result: yes
configure:2529: checking whether clang accepts -g
configure:2550: clang -c -g  conftest.c >&5
configure:2556: $? = 0
configure:2560: test -z 
			 || test ! -s conftest.err
configure:2563: $? = 0
configure:2566: test -s conftest.o
configure:2569: $? = 0
configure:2580: result: yes
configure:2597: checking for clang option to accept ANSI C
configure:2667: clang  -c -g -O2  conftest.c >&5
configure:2673: $? = 0
configure:2677: test -z 
			 || test ! -s conftest.err
configure:2680: $? = 0
configure:2683: test -s conftest.o
configure:2686: $? = 0
configure:2704: result: none needed
configure:2722: clang -c -g -O2  conftest.c >&5
conftest.c:2:3: error: unknown type name 'choke'
  choke me
  ^
conftest.c:2:11: error: expected ';' after top level declarator
  choke me
          ^
          ;
2 errors generated.
configure:2728: $? = 1
configure: failed program was:
| #ifndef __cplusplus
|   choke me
| #endif
configure:3156: clang -o conftest -O3 -pipe -DNDEBUG -Wimplicit -Wparentheses -Wsequence-point -Wreturn-type -Wcast-qual -Wall -Wno-unknown-pragmas -Wno-long-long   -DIPOPT_BUILD   conftest.c  >&5
configure:3162: $? = 0
configure:3166: test -z 
			 || test ! -s conftest.err
configure:3169: $? = 0
configure:3172: test -s conftest
configure:3175: $? = 0
configure:3242: C compiler options are: -O3 -pipe -DNDEBUG -Wimplicit -Wparentheses -Wsequence-point -Wreturn-type -Wcast-qual -Wall -Wno-unknown-pragmas -Wno-long-long   -DIPOPT_BUILD
configure:3359: checking for clang++
configure:3375: found /usr/bin/clang++
configure:3385: result: clang++
configure:3401: checking for C++ compiler version
configure:3404: clang++ --version </dev/null >&5
Apple LLVM version 9.1.0 (clang-902.0.39.1)
Target: x86_64-apple-darwin17.4.0
Thread model: posix
InstalledDir: /Applications/Xcode.app/Contents/Developer/Toolchains/XcodeDefault.xctoolchain/usr/bin
configure:3407: $? = 0
configure:3409: clang++ -v </dev/null >&5
Apple LLVM version 9.1.0 (clang-902.0.39.1)
Target: x86_64-apple-darwin17.4.0
Thread model: posix
InstalledDir: /Applications/Xcode.app/Contents/Developer/Toolchains/XcodeDefault.xctoolchain/usr/bin
configure:3412: $? = 0
configure:3414: clang++ -V </dev/null >&5
clang: error: argument to '-V' is missing (expected 1 value)
clang: error: no input files
configure:3417: $? = 1
configure:3420: checking whether we are using the GNU C++ compiler
configure:3444: clang++ -c   conftest.cc >&5
configure:3450: $? = 0
configure:3454: test -z 
			 || test ! -s conftest.err
configure:3457: $? = 0
configure:3460: test -s conftest.o
configure:3463: $? = 0
configure:3476: result: yes
configure:3482: checking whether clang++ accepts -g
configure:3503: clang++ -c -g  conftest.cc >&5
configure:3509: $? = 0
configure:3513: test -z 
			 || test ! -s conftest.err
configure:3516: $? = 0
configure:3519: test -s conftest.o
configure:3522: $? = 0
configure:3533: result: yes
configure:3575: clang++ -c -g -O2  conftest.cc >&5
configure:3581: $? = 0
configure:3585: test -z 
			 || test ! -s conftest.err
configure:3588: $? = 0
configure:3591: test -s conftest.o
configure:3594: $? = 0
configure:3620: clang++ -c -g -O2  conftest.cc >&5
conftest.cc:19:1: error: use of undeclared identifier 'exit'
exit (42);
^
1 error generated.
configure:3626: $? = 1
configure: failed program was:
| /* confdefs.h.  */
| 
| #define PACKAGE_NAME "Ipopt"
| #define PACKAGE_TARNAME "ipopt"
| #define PACKAGE_VERSION "3.12.1"
| #define PACKAGE_STRING "Ipopt 3.12.1"
| #define PACKAGE_BUGREPORT "http://projects.coin-or.org/Ipopt/newticket"
| #define IPOPT_VERSION "3.12.1"
| #define IPOPT_VERSION_MAJOR 3
| #define IPOPT_VERSION_MINOR 12
| #define IPOPT_VERSION_RELEASE 1
| #define COIN_IPOPT_VERBOSITY 0
| #define COIN_IPOPT_CHECKLEVEL 0
| /* end confdefs.h.  */
| 
| int
| main ()
| {
| exit (42);
|   ;
|   return 0;
| }
configure:3575: clang++ -c -g -O2  conftest.cc >&5
conftest.cc:15:17: error: use of undeclared identifier 'std'
extern "C" void std::exit (int) throw (); using std::exit;
                ^
conftest.cc:15:49: error: use of undeclared identifier 'std'
extern "C" void std::exit (int) throw (); using std::exit;
                                                ^
2 errors generated.
configure:3581: $? = 1
configure: failed program was:
| /* confdefs.h.  */
| 
| #define PACKAGE_NAME "Ipopt"
| #define PACKAGE_TARNAME "ipopt"
| #define PACKAGE_VERSION "3.12.1"
| #define PACKAGE_STRING "Ipopt 3.12.1"
| #define PACKAGE_BUGREPORT "http://projects.coin-or.org/Ipopt/newticket"
| #define IPOPT_VERSION "3.12.1"
| #define IPOPT_VERSION_MAJOR 3
| #define IPOPT_VERSION_MINOR 12
| #define IPOPT_VERSION_RELEASE 1
| #define COIN_IPOPT_VERBOSITY 0
| #define COIN_IPOPT_CHECKLEVEL 0
| /* end confdefs.h.  */
| extern "C" void std::exit (int) throw (); using std::exit;
| #include <stdlib.h>
| int
| main ()
| {
| exit (42);
|   ;
|   return 0;
| }
configure:3575: clang++ -c -g -O2  conftest.cc >&5
conftest.cc:15:17: error: use of undeclared identifier 'std'
extern "C" void std::exit (int); using std::exit;
                ^
conftest.cc:15:40: error: use of undeclared identifier 'std'
extern "C" void std::exit (int); using std::exit;
                                       ^
2 errors generated.
configure:3581: $? = 1
configure: failed program was:
| /* confdefs.h.  */
| 
| #define PACKAGE_NAME "Ipopt"
| #define PACKAGE_TARNAME "ipopt"
| #define PACKAGE_VERSION "3.12.1"
| #define PACKAGE_STRING "Ipopt 3.12.1"
| #define PACKAGE_BUGREPORT "http://projects.coin-or.org/Ipopt/newticket"
| #define IPOPT_VERSION "3.12.1"
| #define IPOPT_VERSION_MAJOR 3
| #define IPOPT_VERSION_MINOR 12
| #define IPOPT_VERSION_RELEASE 1
| #define COIN_IPOPT_VERBOSITY 0
| #define COIN_IPOPT_CHECKLEVEL 0
| /* end confdefs.h.  */
| extern "C" void std::exit (int); using std::exit;
| #include <stdlib.h>
| int
| main ()
| {
| exit (42);
|   ;
|   return 0;
| }
configure:3575: clang++ -c -g -O2  conftest.cc >&5
In file included from conftest.cc:16:
In file included from /Applications/Xcode.app/Contents/Developer/Toolchains/XcodeDefault.xctoolchain/usr/include/c++/v1/stdlib.h:94:
/Applications/Xcode.app/Contents/Developer/Platforms/MacOSX.platform/Developer/SDKs/MacOSX10.13.sdk/usr/include/stdlib.h:150:7: error: 'exit' is missing exception specification 'throw()'
void     exit(int) __dead2;
         ^
conftest.cc:15:17: note: previous declaration is here
extern "C" void exit (int) throw ();
                ^
1 error generated.
configure:3581: $? = 1
configure: failed program was:
| /* confdefs.h.  */
| 
| #define PACKAGE_NAME "Ipopt"
| #define PACKAGE_TARNAME "ipopt"
| #define PACKAGE_VERSION "3.12.1"
| #define PACKAGE_STRING "Ipopt 3.12.1"
| #define PACKAGE_BUGREPORT "http://projects.coin-or.org/Ipopt/newticket"
| #define IPOPT_VERSION "3.12.1"
| #define IPOPT_VERSION_MAJOR 3
| #define IPOPT_VERSION_MINOR 12
| #define IPOPT_VERSION_RELEASE 1
| #define COIN_IPOPT_VERBOSITY 0
| #define COIN_IPOPT_CHECKLEVEL 0
| /* end confdefs.h.  */
| extern "C" void exit (int) throw ();
| #include <stdlib.h>
| int
| main ()
| {
| exit (42);
|   ;
|   return 0;
| }
configure:3575: clang++ -c -g -O2  conftest.cc >&5
configure:3581: $? = 0
configure:3585: test -z 
			 || test ! -s conftest.err
configure:3588: $? = 0
configure:3591: test -s conftest.o
configure:3594: $? = 0
configure:3620: clang++ -c -g -O2  conftest.cc >&5
configure:3626: $? = 0
configure:3630: test -z 
			 || test ! -s conftest.err
configure:3633: $? = 0
configure:3636: test -s conftest.o
configure:3639: $? = 0
configure:3671: checking whether C++ compiler clang++ works
configure:3689: clang++ -c -g -O2  conftest.cc >&5
configure:3695: $? = 0
configure:3699: test -z 
			 || test ! -s conftest.err
configure:3702: $? = 0
configure:3705: test -s conftest.o
configure:3708: $? = 0
configure:3710: result: yes
configure:4038: clang++ -o conftest -O3 -pipe -DNDEBUG    -DIPOPT_BUILD   conftest.cc  >&5
configure:4044: $? = 0
configure:4048: test -z 
			 || test ! -s conftest.err
configure:4051: $? = 0
configure:4054: test -s conftest
configure:4057: $? = 0
configure:4124: C++ compiler options are: -O3 -pipe -DNDEBUG    -DIPOPT_BUILD
configure:4189: clang++ -c -O3 -pipe -DNDEBUG    -DIPOPT_BUILD  conftest.cc >&5
configure:4195: $? = 0
configure:4199: test -z 
			 || test ! -s conftest.err
configure:4202: $? = 0
configure:4205: test -s conftest.o
configure:4208: $? = 0
configure:4252: Assuming that CXXLIBS is "-lc++".
configure:4311: Trying to determine Fortran compiler name
configure:4360: checking for xlf_r
configure:4389: result: no
configure:4360: checking for fort77
configure:4389: result: no
configure:4360: checking for gfortran
configure:4376: found /usr/local/bin/gfortran
configure:4386: result: gfortran
configure:4494: checking for Fortran 77 compiler version
configure:4497: gfortran --version </dev/null >&5
GNU Fortran (GCC) 6.3.0
Copyright (C) 2016 Free Software Foundation, Inc.
This is free software; see the source for copying conditions.  There is NO
warranty; not even for MERCHANTABILITY or FITNESS FOR A PARTICULAR PURPOSE.

configure:4500: $? = 0
configure:4502: gfortran -v </dev/null >&5
Using built-in specs.
COLLECT_GCC=gfortran
COLLECT_LTO_WRAPPER=/usr/local/gfortran/libexec/gcc/x86_64-apple-darwin16/6.3.0/lto-wrapper
Target: x86_64-apple-darwin16
Configured with: ../gcc-6.3.0/configure --prefix=/usr/local/gfortran --enable-languages=c,c++,fortran,objc,obj-c++ --build=x86_64-apple-darwin16 --with-gmp=/Users/fx/devel/gcc/deps-static/x86_64 --with-mpfr=/Users/fx/devel/gcc/deps-static/x86_64 --with-mpc=/Users/fx/devel/gcc/deps-static/x86_64 --with-isl=/Users/fx/devel/gcc/deps-static/x86_64
Thread model: posix
gcc version 6.3.0 (GCC) 
configure:4505: $? = 0
configure:4507: gfortran -V </dev/null >&5
gfortran: error: unrecognized command line option '-V'
gfortran: fatal error: no input files
compilation terminated.
configure:4510: $? = 1
configure:4518: checking whether we are using the GNU Fortran 77 compiler
configure:4532: gfortran -c  conftest.F >&5
configure:4538: $? = 0
configure:4542: test -z 
			 || test ! -s conftest.err
configure:4545: $? = 0
configure:4548: test -s conftest.o
configure:4551: $? = 0
configure:4564: result: yes
configure:4570: checking whether gfortran accepts -g
configure:4582: gfortran -c -g conftest.f >&5
configure:4588: $? = 0
configure:4592: test -z 
			 || test ! -s conftest.err
configure:4595: $? = 0
configure:4598: test -s conftest.o
configure:4601: $? = 0
configure:4613: result: yes
configure:4848: gfortran -o conftest -O3 -pipe    conftest.f  >&5
configure:4854: $? = 0
configure:4858: test -z 
			 || test ! -s conftest.err
configure:4861: $? = 0
configure:4864: test -s conftest
configure:4867: $? = 0
configure:4925: Fortran compiler options are: -O3 -pipe  
configure:4957: checking how to get verbose linking output from gfortran
configure:4968: gfortran -c -O3 -pipe   conftest.f >&5
configure:4974: $? = 0
configure:4978: test -z 
			 || test ! -s conftest.err
configure:4981: $? = 0
configure:4984: test -s conftest.o
configure:4987: $? = 0
configure:5004: gfortran -o conftest -O3 -pipe   -v  conftest.f  >&5
Using built-in specs.
COLLECT_GCC=gfortran
COLLECT_LTO_WRAPPER=/usr/local/gfortran/libexec/gcc/x86_64-apple-darwin16/6.3.0/lto-wrapper
Target: x86_64-apple-darwin16
Configured with: ../gcc-6.3.0/configure --prefix=/usr/local/gfortran --enable-languages=c,c++,fortran,objc,obj-c++ --build=x86_64-apple-darwin16 --with-gmp=/Users/fx/devel/gcc/deps-static/x86_64 --with-mpfr=/Users/fx/devel/gcc/deps-static/x86_64 --with-mpc=/Users/fx/devel/gcc/deps-static/x86_64 --with-isl=/Users/fx/devel/gcc/deps-static/x86_64
Thread model: posix
gcc version 6.3.0 (GCC) 
COLLECT_GCC_OPTIONS='-o' 'conftest' '-O3' '-pipe' '-v' '-mmacosx-version-min=10.13.4'  '-shared-libgcc' '-mtune=core2'
 /usr/local/gfortran/libexec/gcc/x86_64-apple-darwin16/6.3.0/f951 conftest.f -ffixed-form -fPIC -quiet -dumpbase conftest.f -mmacosx-version-min=10.13.4 -mtune=core2 -auxbase conftest -O3 -version -fintrinsic-modules-path /usr/local/gfortran/lib/gcc/x86_64-apple-darwin16/6.3.0/finclude -o - |
 as -arch x86_64 -v -force_cpusubtype_ALL -mmacosx-version-min=10.13 -o /var/tmp//cc0Gbxwq.o
GNU Fortran (GCC) version 6.3.0 (x86_64-apple-darwin16)
	compiled by GNU C version 6.3.0, GMP version 6.1.2, MPFR version 3.1.5-p2, MPC version 1.0.3, isl version 0.15
GGC heuristics: --param ggc-min-expand=100 --param ggc-min-heapsize=131072
GNU Fortran2008 (GCC) version 6.3.0 (x86_64-apple-darwin16)
	compiled by GNU C version 6.3.0, GMP version 6.1.2, MPFR version 3.1.5-p2, MPC version 1.0.3, isl version 0.15
GGC heuristics: --param ggc-min-expand=100 --param ggc-min-heapsize=131072
Apple LLVM version 9.1.0 (clang-902.0.39.1)
Target: x86_64-apple-darwin17.4.0
Thread model: posix
InstalledDir: /Applications/Xcode.app/Contents/Developer/Toolchains/XcodeDefault.xctoolchain/usr/bin
 "/Applications/Xcode.app/Contents/Developer/Toolchains/XcodeDefault.xctoolchain/usr/bin/clang" -cc1as -triple x86_64-apple-macosx10.13.0 -filetype obj -main-file-name - -target-cpu penryn -fdebug-compilation-dir /Users/venice/Developer/driving/Ipopt-3.12.1/Ipopt -dwarf-debug-producer Apple LLVM version 9.1.0 (clang-902.0.39.1) -dwarf-version=4 -mrelocation-model pic -o /var/tmp//cc0Gbxwq.o -
Reading specs from /usr/local/gfortran/lib/gcc/x86_64-apple-darwin16/6.3.0/../../../libgfortran.spec
rename spec lib to liborig
COLLECT_GCC_OPTIONS='-o' 'conftest' '-O3' '-pipe' '-v' '-mmacosx-version-min=10.13.4'  '-shared-libgcc' '-mtune=core2'
COMPILER_PATH=/usr/local/gfortran/libexec/gcc/x86_64-apple-darwin16/6.3.0/:/usr/local/gfortran/libexec/gcc/x86_64-apple-darwin16/6.3.0/:/usr/local/gfortran/libexec/gcc/x86_64-apple-darwin16/:/usr/local/gfortran/lib/gcc/x86_64-apple-darwin16/6.3.0/:/usr/local/gfortran/lib/gcc/x86_64-apple-darwin16/
LIBRARY_PATH=/usr/local/gfortran/lib/gcc/x86_64-apple-darwin16/6.3.0/:/usr/local/gfortran/lib/gcc/x86_64-apple-darwin16/6.3.0/../../../
COLLECT_GCC_OPTIONS='-o' 'conftest' '-O3' '-pipe' '-v' '-mmacosx-version-min=10.13.4'  '-shared-libgcc' '-mtune=core2'
 /usr/local/gfortran/libexec/gcc/x86_64-apple-darwin16/6.3.0/collect2 -dynamic -arch x86_64 -macosx_version_min 10.13.4 -weak_reference_mismatches non-weak -o conftest -L/usr/local/gfortran/lib/gcc/x86_64-apple-darwin16/6.3.0 -L/usr/local/gfortran/lib/gcc/x86_64-apple-darwin16/6.3.0/../../.. /var/tmp//cc0Gbxwq.o -lgfortran -no_compact_unwind -lSystem -lgcc_ext.10.5 -lgcc -lquadmath -lm -lgcc_ext.10.5 -lgcc -lSystem -v
collect2 version 6.3.0
/usr/bin/ld -dynamic -arch x86_64 -macosx_version_min 10.13.4 -weak_reference_mismatches non-weak -o conftest -L/usr/local/gfortran/lib/gcc/x86_64-apple-darwin16/6.3.0 -L/usr/local/gfortran/lib/gcc/x86_64-apple-darwin16/6.3.0/../../.. /var/tmp//cc0Gbxwq.o -lgfortran -no_compact_unwind -lSystem -lgcc_ext.10.5 -lgcc -lquadmath -lm -lgcc_ext.10.5 -lgcc -lSystem -v
@(#)PROGRAM:ld  PROJECT:ld64-351.8
configured to support archs: armv6 armv7 armv7s arm64 i386 x86_64 x86_64h armv6m armv7k armv7m armv7em (tvOS)
Library search paths:
	/usr/local/gfortran/lib/gcc/x86_64-apple-darwin16/6.3.0
	/usr/local/gfortran/lib
	/usr/lib
	/usr/local/lib
Framework search paths:
	/Library/Frameworks/
	/System/Library/Frameworks/
configure:5059: result: -v
configure:5061: checking for Fortran libraries of gfortran
configure:5082: gfortran -o conftest -O3 -pipe   -v  conftest.f  >&5
Using built-in specs.
COLLECT_GCC=gfortran
COLLECT_LTO_WRAPPER=/usr/local/gfortran/libexec/gcc/x86_64-apple-darwin16/6.3.0/lto-wrapper
Target: x86_64-apple-darwin16
Configured with: ../gcc-6.3.0/configure --prefix=/usr/local/gfortran --enable-languages=c,c++,fortran,objc,obj-c++ --build=x86_64-apple-darwin16 --with-gmp=/Users/fx/devel/gcc/deps-static/x86_64 --with-mpfr=/Users/fx/devel/gcc/deps-static/x86_64 --with-mpc=/Users/fx/devel/gcc/deps-static/x86_64 --with-isl=/Users/fx/devel/gcc/deps-static/x86_64
Thread model: posix
gcc version 6.3.0 (GCC) 
COLLECT_GCC_OPTIONS='-o' 'conftest' '-O3' '-pipe' '-v' '-mmacosx-version-min=10.13.4'  '-shared-libgcc' '-mtune=core2'
 /usr/local/gfortran/libexec/gcc/x86_64-apple-darwin16/6.3.0/f951 conftest.f -ffixed-form -fPIC -quiet -dumpbase conftest.f -mmacosx-version-min=10.13.4 -mtune=core2 -auxbase conftest -O3 -version -fintrinsic-modules-path /usr/local/gfortran/lib/gcc/x86_64-apple-darwin16/6.3.0/finclude -o - |
 as -arch x86_64 -v -force_cpusubtype_ALL -mmacosx-version-min=10.13 -o /var/tmp//ccBxYrUJ.o
GNU Fortran (GCC) version 6.3.0 (x86_64-apple-darwin16)
	compiled by GNU C version 6.3.0, GMP version 6.1.2, MPFR version 3.1.5-p2, MPC version 1.0.3, isl version 0.15
GGC heuristics: --param ggc-min-expand=100 --param ggc-min-heapsize=131072
GNU Fortran2008 (GCC) version 6.3.0 (x86_64-apple-darwin16)
	compiled by GNU C version 6.3.0, GMP version 6.1.2, MPFR version 3.1.5-p2, MPC version 1.0.3, isl version 0.15
GGC heuristics: --param ggc-min-expand=100 --param ggc-min-heapsize=131072
Apple LLVM version 9.1.0 (clang-902.0.39.1)
Target: x86_64-apple-darwin17.4.0
Thread model: posix
InstalledDir: /Applications/Xcode.app/Contents/Developer/Toolchains/XcodeDefault.xctoolchain/usr/bin
 "/Applications/Xcode.app/Contents/Developer/Toolchains/XcodeDefault.xctoolchain/usr/bin/clang" -cc1as -triple x86_64-apple-macosx10.13.0 -filetype obj -main-file-name - -target-cpu penryn -fdebug-compilation-dir /Users/venice/Developer/driving/Ipopt-3.12.1/Ipopt -dwarf-debug-producer Apple LLVM version 9.1.0 (clang-902.0.39.1) -dwarf-version=4 -mrelocation-model pic -o /var/tmp//ccBxYrUJ.o -
Reading specs from /usr/local/gfortran/lib/gcc/x86_64-apple-darwin16/6.3.0/../../../libgfortran.spec
rename spec lib to liborig
COLLECT_GCC_OPTIONS='-o' 'conftest' '-O3' '-pipe' '-v' '-mmacosx-version-min=10.13.4'  '-shared-libgcc' '-mtune=core2'
COMPILER_PATH=/usr/local/gfortran/libexec/gcc/x86_64-apple-darwin16/6.3.0/:/usr/local/gfortran/libexec/gcc/x86_64-apple-darwin16/6.3.0/:/usr/local/gfortran/libexec/gcc/x86_64-apple-darwin16/:/usr/local/gfortran/lib/gcc/x86_64-apple-darwin16/6.3.0/:/usr/local/gfortran/lib/gcc/x86_64-apple-darwin16/
LIBRARY_PATH=/usr/local/gfortran/lib/gcc/x86_64-apple-darwin16/6.3.0/:/usr/local/gfortran/lib/gcc/x86_64-apple-darwin16/6.3.0/../../../
COLLECT_GCC_OPTIONS='-o' 'conftest' '-O3' '-pipe' '-v' '-mmacosx-version-min=10.13.4'  '-shared-libgcc' '-mtune=core2'
 /usr/local/gfortran/libexec/gcc/x86_64-apple-darwin16/6.3.0/collect2 -dynamic -arch x86_64 -macosx_version_min 10.13.4 -weak_reference_mismatches non-weak -o conftest -L/usr/local/gfortran/lib/gcc/x86_64-apple-darwin16/6.3.0 -L/usr/local/gfortran/lib/gcc/x86_64-apple-darwin16/6.3.0/../../.. /var/tmp//ccBxYrUJ.o -lgfortran -no_compact_unwind -lSystem -lgcc_ext.10.5 -lgcc -lquadmath -lm -lgcc_ext.10.5 -lgcc -lSystem -v
collect2 version 6.3.0
/usr/bin/ld -dynamic -arch x86_64 -macosx_version_min 10.13.4 -weak_reference_mismatches non-weak -o conftest -L/usr/local/gfortran/lib/gcc/x86_64-apple-darwin16/6.3.0 -L/usr/local/gfortran/lib/gcc/x86_64-apple-darwin16/6.3.0/../../.. /var/tmp//ccBxYrUJ.o -lgfortran -no_compact_unwind -lSystem -lgcc_ext.10.5 -lgcc -lquadmath -lm -lgcc_ext.10.5 -lgcc -lSystem -v
@(#)PROGRAM:ld  PROJECT:ld64-351.8
configured to support archs: armv6 armv7 armv7s arm64 i386 x86_64 x86_64h armv6m armv7k armv7m armv7em (tvOS)
Library search paths:
	/usr/local/gfortran/lib/gcc/x86_64-apple-darwin16/6.3.0
	/usr/local/gfortran/lib
	/usr/lib
	/usr/local/lib
Framework search paths:
	/Library/Frameworks/
	/System/Library/Frameworks/
configure:5243: result:  -L/usr/local/gfortran/lib/gcc/x86_64-apple-darwin16/6.3.0 -L/usr/local/gfortran/lib/gcc/x86_64-apple-darwin16/6.3.0/../../.. -lgfortran -lSystem -lgcc_ext.10.5 -lquadmath -lm
configure:5310: Corrected Fortran libraries:  -L/usr/local/gfortran/lib/gcc/x86_64-apple-darwin16/6.3.0 -L/usr/local/gfortran/lib/gcc/x86_64-apple-darwin16/6.3.0/../../.. -lgfortran -lSystem -lquadmath -lm
configure:5319: checking for dummy main to link with Fortran libraries
configure:5358: clang -o conftest -O3 -pipe -DNDEBUG -Wimplicit -Wparentheses -Wsequence-point -Wreturn-type -Wcast-qual -Wall -Wno-unknown-pragmas -Wno-long-long   -DIPOPT_BUILD   conftest.c   -L/usr/local/gfortran/lib/gcc/x86_64-apple-darwin16/6.3.0 -L/usr/local/gfortran/lib/gcc/x86_64-apple-darwin16/6.3.0/../../.. -lgfortran -lSystem -lquadmath -lm >&5
configure:5364: $? = 0
configure:5368: test -z 
			 || test ! -s conftest.err
configure:5371: $? = 0
configure:5374: test -s conftest
configure:5377: $? = 0
configure:5455: result: none
configure:5491: checking for Fortran name-mangling scheme
configure:5505: gfortran -c -O3 -pipe   conftest.f >&5
configure:5511: $? = 0
configure:5515: test -z 
			 || test ! -s conftest.err
configure:5518: $? = 0
configure:5521: test -s conftest.o
configure:5524: $? = 0
configure:5571: clang -o conftest -O3 -pipe -DNDEBUG -Wimplicit -Wparentheses -Wsequence-point -Wreturn-type -Wcast-qual -Wall -Wno-unknown-pragmas -Wno-long-long   -DIPOPT_BUILD   conftest.c cfortran_test.o   -L/usr/local/gfortran/lib/gcc/x86_64-apple-darwin16/6.3.0 -L/usr/local/gfortran/lib/gcc/x86_64-apple-darwin16/6.3.0/../../.. -lgfortran -lSystem -lquadmath -lm >&5
Undefined symbols for architecture x86_64:
  "_foobar", referenced from:
      _main in conftest-28a77d.o
     (maybe you meant: _foobar_)
ld: symbol(s) not found for architecture x86_64
clang: error: linker command failed with exit code 1 (use -v to see invocation)
configure:5577: $? = 1
configure: failed program was:
| /* confdefs.h.  */
| 
| #define PACKAGE_NAME "Ipopt"
| #define PACKAGE_TARNAME "ipopt"
| #define PACKAGE_VERSION "3.12.1"
| #define PACKAGE_STRING "Ipopt 3.12.1"
| #define PACKAGE_BUGREPORT "http://projects.coin-or.org/Ipopt/newticket"
| #define IPOPT_VERSION "3.12.1"
| #define IPOPT_VERSION_MAJOR 3
| #define IPOPT_VERSION_MINOR 12
| #define IPOPT_VERSION_RELEASE 1
| #define COIN_IPOPT_VERBOSITY 0
| #define COIN_IPOPT_CHECKLEVEL 0
| #ifdef __cplusplus
| extern "C" void exit (int);
| #endif
| /* end confdefs.h.  */
| 
| /* Override any gcc2 internal prototype to avoid an error.  */
| #ifdef __cplusplus
| extern "C"
| #endif
| /* We use char because int might match the return type of a gcc2
|    builtin and then its argument prototype would still apply.  */
| char foobar ();
| #ifdef F77_DUMMY_MAIN
| 
| #  ifdef __cplusplus
|      extern "C"
| #  endif
|    int F77_DUMMY_MAIN() { return 1; }
| 
| #endif
| int
| main ()
| {
| foobar ();
|   ;
|   return 0;
| }
configure:5571: clang -o conftest -O3 -pipe -DNDEBUG -Wimplicit -Wparentheses -Wsequence-point -Wreturn-type -Wcast-qual -Wall -Wno-unknown-pragmas -Wno-long-long   -DIPOPT_BUILD   conftest.c cfortran_test.o   -L/usr/local/gfortran/lib/gcc/x86_64-apple-darwin16/6.3.0 -L/usr/local/gfortran/lib/gcc/x86_64-apple-darwin16/6.3.0/../../.. -lgfortran -lSystem -lquadmath -lm >&5
configure:5577: $? = 0
configure:5581: test -z 
			 || test ! -s conftest.err
configure:5584: $? = 0
configure:5587: test -s conftest
configure:5590: $? = 0
configure:5658: clang -o conftest -O3 -pipe -DNDEBUG -Wimplicit -Wparentheses -Wsequence-point -Wreturn-type -Wcast-qual -Wall -Wno-unknown-pragmas -Wno-long-long   -DIPOPT_BUILD   conftest.c cfortran_test.o   -L/usr/local/gfortran/lib/gcc/x86_64-apple-darwin16/6.3.0 -L/usr/local/gfortran/lib/gcc/x86_64-apple-darwin16/6.3.0/../../.. -lgfortran -lSystem -lquadmath -lm >&5
configure:5664: $? = 0
configure:5668: test -z 
			 || test ! -s conftest.err
configure:5671: $? = 0
configure:5674: test -s conftest
configure:5677: $? = 0
configure:5727: result: lower case, underscore, no extra underscore
configure:5947: checking for a BSD-compatible install
configure:6002: result: /usr/local/bin/ginstall -c
configure:6013: checking whether build environment is sane
configure:6056: result: yes
configure:6121: checking for gawk
configure:6137: found /usr/local/bin/gawk
configure:6147: result: gawk
configure:6157: checking whether make sets $(MAKE)
configure:6177: result: yes
configure:6207: checking for style of include used by make
configure:6235: result: GNU
configure:6416: checking dependency style of clang
configure:6506: result: gcc3
configure:6525: checking dependency style of clang++
configure:6615: result: gcc3
configure:6633: checking whether to enable maintainer-specific portions of Makefiles
configure:6642: result: no
configure:22024: Using libtool script in directory ..
configure:22123: checking if library version is set
configure:22127: result: 11:1:10
configure:22169: configuring doxygen documentation options
configure:22176: checking for doxygen
configure:22203: result: no
configure:22231: checking for dot
configure:22247: found /usr/local/bin/dot
configure:22258: result: YES
configure:22408: checking for pkg-config
configure:22424: found /usr/local/bin/pkg-config
configure:22434: result: pkg-config
configure:22449: checking pkg-config is at least version 0.16.0
configure:22452: result: yes
configure:22572: checking whether user supplied BLASLIB="/usr/local/lib/libcoinblas.a -lgfortran" works
configure:22689: clang -o conftest -O3 -pipe -DNDEBUG -Wimplicit -Wparentheses -Wsequence-point -Wreturn-type -Wcast-qual -Wall -Wno-unknown-pragmas -Wno-long-long   -DIPOPT_BUILD   conftest.c /usr/local/lib/libcoinblas.a -lgfortran  >&5
ld: library not found for -lgfortran
clang: error: linker command failed with exit code 1 (use -v to see invocation)
configure:22695: $? = 1
configure: failed program was:
| /* confdefs.h.  */
| 
| #define PACKAGE_NAME "Ipopt"
| #define PACKAGE_TARNAME "ipopt"
| #define PACKAGE_VERSION "3.12.1"
| #define PACKAGE_STRING "Ipopt 3.12.1"
| #define PACKAGE_BUGREPORT "http://projects.coin-or.org/Ipopt/newticket"
| #define IPOPT_VERSION "3.12.1"
| #define IPOPT_VERSION_MAJOR 3
| #define IPOPT_VERSION_MINOR 12
| #define IPOPT_VERSION_RELEASE 1
| #define COIN_IPOPT_VERBOSITY 0
| #define COIN_IPOPT_CHECKLEVEL 0
| #ifdef __cplusplus
| extern "C" void exit (int);
| #endif
| #define F77_FUNC(name,NAME) name ## _
| #define F77_FUNC_(name,NAME) name ## _
| #define PACKAGE "ipopt"
| #define VERSION "3.12.1"
| #define STDC_HEADERS 1
| #define HAVE_SYS_TYPES_H 1
| #define HAVE_SYS_STAT_H 1
| #define HAVE_STDLIB_H 1
| #define HAVE_STRING_H 1
| #define HAVE_MEMORY_H 1
| #define HAVE_STRINGS_H 1
| #define HAVE_INTTYPES_H 1
| #define HAVE_STDINT_H 1
| #define HAVE_UNISTD_H 1
| #define HAVE_DLFCN_H 1
| /* end confdefs.h.  */
| void daxpy_();
| #ifdef F77_DUMMY_MAIN
| 
| #  ifdef __cplusplus
|      extern "C"
| #  endif
|    int F77_DUMMY_MAIN() { return 1; }
| 
| #endif
| int
| main ()
| {
| daxpy_()
|   ;
|   return 0;
| }
configure:22754: clang -o conftest -O3 -pipe -DNDEBUG -Wimplicit -Wparentheses -Wsequence-point -Wreturn-type -Wcast-qual -Wall -Wno-unknown-pragmas -Wno-long-long   -DIPOPT_BUILD   conftest.c /usr/local/lib/libcoinblas.a -lgfortran   -L/usr/local/gfortran/lib/gcc/x86_64-apple-darwin16/6.3.0 -L/usr/local/gfortran/lib/gcc/x86_64-apple-darwin16/6.3.0/../../.. -lgfortran -lSystem -lquadmath -lm >&5
configure:22760: $? = 0
configure:22764: test -z 
			 || test ! -s conftest.err
configure:22767: $? = 0
configure:22770: test -s conftest
configure:22773: $? = 0
configure:22780: result: yes: /usr/local/lib/libcoinblas.a -lgfortran  -L/usr/local/gfortran/lib/gcc/x86_64-apple-darwin16/6.3.0 -L/usr/local/gfortran/lib/gcc/x86_64-apple-darwin16/6.3.0/../../.. -lgfortran -lSystem -lquadmath -lm
configure:25935: checking whether user supplied LAPACKLIB="/usr/local/lib/libcoinlapack.a" works
configure:26054: clang -o conftest -O3 -pipe -DNDEBUG -Wimplicit -Wparentheses -Wsequence-point -Wreturn-type -Wcast-qual -Wall -Wno-unknown-pragmas -Wno-long-long   -DIPOPT_BUILD   conftest.c /usr/local/lib/libcoinlapack.a /usr/local/lib/libcoinblas.a -lgfortran  -L/usr/local/gfortran/lib/gcc/x86_64-apple-darwin16/6.3.0 -L/usr/local/gfortran/lib/gcc/x86_64-apple-darwin16/6.3.0/../../.. -lgfortran -lSystem -lquadmath -lm  >&5
ld: warning: ignoring file /usr/local/lib/libcoinlapack.a, file was built for archive which is not the architecture being linked (x86_64): /usr/local/lib/libcoinlapack.a
Undefined symbols for architecture x86_64:
  "_dsyev_", referenced from:
      _main in conftest-c72557.o
ld: symbol(s) not found for architecture x86_64
clang: error: linker command failed with exit code 1 (use -v to see invocation)
configure:26060: $? = 1
configure: failed program was:
| /* confdefs.h.  */
| 
| #define PACKAGE_NAME "Ipopt"
| #define PACKAGE_TARNAME "ipopt"
| #define PACKAGE_VERSION "3.12.1"
| #define PACKAGE_STRING "Ipopt 3.12.1"
| #define PACKAGE_BUGREPORT "http://projects.coin-or.org/Ipopt/newticket"
| #define IPOPT_VERSION "3.12.1"
| #define IPOPT_VERSION_MAJOR 3
| #define IPOPT_VERSION_MINOR 12
| #define IPOPT_VERSION_RELEASE 1
| #define COIN_IPOPT_VERBOSITY 0
| #define COIN_IPOPT_CHECKLEVEL 0
| #ifdef __cplusplus
| extern "C" void exit (int);
| #endif
| #define F77_FUNC(name,NAME) name ## _
| #define F77_FUNC_(name,NAME) name ## _
| #define PACKAGE "ipopt"
| #define VERSION "3.12.1"
| #define STDC_HEADERS 1
| #define HAVE_SYS_TYPES_H 1
| #define HAVE_SYS_STAT_H 1
| #define HAVE_STDLIB_H 1
| #define HAVE_STRING_H 1
| #define HAVE_MEMORY_H 1
| #define HAVE_STRINGS_H 1
| #define HAVE_INTTYPES_H 1
| #define HAVE_STDINT_H 1
| #define HAVE_UNISTD_H 1
| #define HAVE_DLFCN_H 1
| #define COIN_HAS_BLAS 1
| /* end confdefs.h.  */
| void dsyev_();
| #ifdef F77_DUMMY_MAIN
| 
| #  ifdef __cplusplus
|      extern "C"
| #  endif
|    int F77_DUMMY_MAIN() { return 1; }
| 
| #endif
| int
| main ()
| {
| dsyev_()
|   ;
|   return 0;
| }
configure:26120: clang -o conftest -O3 -pipe -DNDEBUG -Wimplicit -Wparentheses -Wsequence-point -Wreturn-type -Wcast-qual -Wall -Wno-unknown-pragmas -Wno-long-long   -DIPOPT_BUILD   conftest.c /usr/local/lib/libcoinlapack.a /usr/local/lib/libcoinblas.a -lgfortran  -L/usr/local/gfortran/lib/gcc/x86_64-apple-darwin16/6.3.0 -L/usr/local/gfortran/lib/gcc/x86_64-apple-darwin16/6.3.0/../../.. -lgfortran -lSystem -lquadmath -lm   -L/usr/local/gfortran/lib/gcc/x86_64-apple-darwin16/6.3.0 -L/usr/local/gfortran/lib/gcc/x86_64-apple-darwin16/6.3.0/../../.. -lgfortran -lSystem -lquadmath -lm >&5
ld: warning: ignoring file /usr/local/lib/libcoinlapack.a, file was built for archive which is not the architecture being linked (x86_64): /usr/local/lib/libcoinlapack.a
Undefined symbols for architecture x86_64:
  "_dsyev_", referenced from:
      _main in conftest-ae63ec.o
ld: symbol(s) not found for architecture x86_64
clang: error: linker command failed with exit code 1 (use -v to see invocation)
configure:26126: $? = 1
configure: failed program was:
| /* confdefs.h.  */
| 
| #define PACKAGE_NAME "Ipopt"
| #define PACKAGE_TARNAME "ipopt"
| #define PACKAGE_VERSION "3.12.1"
| #define PACKAGE_STRING "Ipopt 3.12.1"
| #define PACKAGE_BUGREPORT "http://projects.coin-or.org/Ipopt/newticket"
| #define IPOPT_VERSION "3.12.1"
| #define IPOPT_VERSION_MAJOR 3
| #define IPOPT_VERSION_MINOR 12
| #define IPOPT_VERSION_RELEASE 1
| #define COIN_IPOPT_VERBOSITY 0
| #define COIN_IPOPT_CHECKLEVEL 0
| #ifdef __cplusplus
| extern "C" void exit (int);
| #endif
| #define F77_FUNC(name,NAME) name ## _
| #define F77_FUNC_(name,NAME) name ## _
| #define PACKAGE "ipopt"
| #define VERSION "3.12.1"
| #define STDC_HEADERS 1
| #define HAVE_SYS_TYPES_H 1
| #define HAVE_SYS_STAT_H 1
| #define HAVE_STDLIB_H 1
| #define HAVE_STRING_H 1
| #define HAVE_MEMORY_H 1
| #define HAVE_STRINGS_H 1
| #define HAVE_INTTYPES_H 1
| #define HAVE_STDINT_H 1
| #define HAVE_UNISTD_H 1
| #define HAVE_DLFCN_H 1
| #define COIN_HAS_BLAS 1
| /* end confdefs.h.  */
| void dsyev_();
| #ifdef F77_DUMMY_MAIN
| 
| #  ifdef __cplusplus
|      extern "C"
| #  endif
|    int F77_DUMMY_MAIN() { return 1; }
| 
| #endif
| int
| main ()
| {
| dsyev_()
|   ;
|   return 0;
| }
configure:26155: result: no
configure:26157: error: user supplied LAPACK library "/usr/local/lib/libcoinlapack.a /usr/local/lib/libcoinblas.a -lgfortran  -L/usr/local/gfortran/lib/gcc/x86_64-apple-darwin16/6.3.0 -L/usr/local/gfortran/lib/gcc/x86_64-apple-darwin16/6.3.0/../../.. -lgfortran -lSystem -lquadmath -lm" does not work

## ---------------- ##
## Cache variables. ##
## ---------------- ##

ac_cv_build=i386-apple-darwin17.4.0
ac_cv_build_alias=i386-apple-darwin17.4.0
ac_cv_c_compiler_gnu=yes
ac_cv_cxx_compiler_gnu=yes
ac_cv_env_ADD_CFLAGS_set=
ac_cv_env_ADD_CFLAGS_value=
ac_cv_env_ADD_CXXFLAGS_set=
ac_cv_env_ADD_CXXFLAGS_value=
ac_cv_env_ADD_FFLAGS_set=
ac_cv_env_ADD_FFLAGS_value=
ac_cv_env_CC_set=
ac_cv_env_CC_value=
ac_cv_env_CDEFS_set=
ac_cv_env_CDEFS_value=
ac_cv_env_CFLAGS_set=
ac_cv_env_CFLAGS_value=
ac_cv_env_CPPFLAGS_set=
ac_cv_env_CPPFLAGS_value=
ac_cv_env_CPP_set=
ac_cv_env_CPP_value=
ac_cv_env_CXXAR_set=
ac_cv_env_CXXAR_value=
ac_cv_env_CXXCPP_set=
ac_cv_env_CXXCPP_value=
ac_cv_env_CXXDEFS_set=
ac_cv_env_CXXDEFS_value=
ac_cv_env_CXXFLAGS_set=
ac_cv_env_CXXFLAGS_value=
ac_cv_env_CXXLIBS_set=
ac_cv_env_CXXLIBS_value=
ac_cv_env_CXX_set=
ac_cv_env_CXX_value=
ac_cv_env_DBG_CFLAGS_set=
ac_cv_env_DBG_CFLAGS_value=
ac_cv_env_DBG_CXXFLAGS_set=
ac_cv_env_DBG_CXXFLAGS_value=
ac_cv_env_DBG_FFLAGS_set=
ac_cv_env_DBG_FFLAGS_value=
ac_cv_env_F77_set=
ac_cv_env_F77_value=
ac_cv_env_FFLAGS_set=
ac_cv_env_FFLAGS_value=
ac_cv_env_LDFLAGS_set=
ac_cv_env_LDFLAGS_value=
ac_cv_env_MPICC_set=
ac_cv_env_MPICC_value=
ac_cv_env_MPICXX_set=
ac_cv_env_MPICXX_value=
ac_cv_env_MPIF77_set=
ac_cv_env_MPIF77_value=
ac_cv_env_OPT_CFLAGS_set=
ac_cv_env_OPT_CFLAGS_value=
ac_cv_env_OPT_CXXFLAGS_set=
ac_cv_env_OPT_CXXFLAGS_value=
ac_cv_env_OPT_FFLAGS_set=
ac_cv_env_OPT_FFLAGS_value=
ac_cv_env_PKG_CONFIG_set=
ac_cv_env_PKG_CONFIG_value=
ac_cv_env_build_alias_set=
ac_cv_env_build_alias_value=
ac_cv_env_host_alias_set=
ac_cv_env_host_alias_value=
ac_cv_env_target_alias_set=
ac_cv_env_target_alias_value=
ac_cv_exeext=
ac_cv_f77_compiler_gnu=yes
ac_cv_f77_dummy_main=none
ac_cv_f77_libs=' -L/usr/local/gfortran/lib/gcc/x86_64-apple-darwin16/6.3.0 -L/usr/local/gfortran/lib/gcc/x86_64-apple-darwin16/6.3.0/../../.. -lgfortran -lSystem -lquadmath -lm'
ac_cv_f77_mangling='lower case, underscore, no extra underscore'
ac_cv_fortran_dummy_main=none
ac_cv_objext=o
ac_cv_path_install='/usr/local/bin/ginstall -c'
ac_cv_prog_AWK=gawk
ac_cv_prog_ac_ct_CC=clang
ac_cv_prog_ac_ct_CXX=clang++
ac_cv_prog_ac_ct_F77=gfortran
ac_cv_prog_ac_ct_PKG_CONFIG=pkg-config
ac_cv_prog_cc_g=yes
ac_cv_prog_cc_stdc=
ac_cv_prog_coin_doxy_usedot=YES
ac_cv_prog_coin_have_doxygen=no
ac_cv_prog_cxx_g=yes
ac_cv_prog_egrep='grep -E'
ac_cv_prog_f77_g=yes
ac_cv_prog_f77_v=-v
ac_cv_prog_have_svnversion=yes
ac_cv_prog_make_make_set=yes
am_cv_CC_dependencies_compiler_type=gcc3
am_cv_CXX_dependencies_compiler_type=gcc3

## ----------------- ##
## Output variables. ##
## ----------------- ##

ABSBUILDDIR=''
ACLOCAL='${SHELL} /Users/venice/Developer/driving/Ipopt-3.12.1/Ipopt/missing --run aclocal-1.9'
ADD_CFLAGS=''
ADD_CXXFLAGS=''
ADD_FFLAGS=''
AIX_FIX_COMPILER_BUG_FALSE=''
AIX_FIX_COMPILER_BUG_TRUE='#'
ALWAYS_FALSE_FALSE=''
ALWAYS_FALSE_TRUE='#'
AMDEPBACKSLASH='\'
AMDEP_FALSE='#'
AMDEP_TRUE=''
AMTAR='${SHELL} /Users/venice/Developer/driving/Ipopt-3.12.1/Ipopt/missing --run tar'
AR='ar'
ASL_CFLAGS=''
ASL_CFLAGS_INSTALLED=''
ASL_DATA=''
ASL_DATA_INSTALLED=''
ASL_DEPENDENCIES=''
ASL_LIBS=''
ASL_LIBS_INSTALLED=''
ASTYLE=''
ASTYLEFLAGS=''
AUTOCONF='${SHELL} /Users/venice/Developer/driving/Ipopt-3.12.1/Ipopt/missing --run autoconf'
AUTOHEADER='${SHELL} /Users/venice/Developer/driving/Ipopt-3.12.1/Ipopt/missing --run autoheader'
AUTOMAKE='${SHELL} /Users/venice/Developer/driving/Ipopt-3.12.1/Ipopt/missing --run automake-1.9'
AUX_DIR=''
AWK='gawk'
BIT32FCOMMENT=''
BIT64FCOMMENT=''
BITS_PER_POINTER=''
BLAS_CFLAGS=''
BLAS_CFLAGS_INSTALLED=''
BLAS_DATA=''
BLAS_DATA_INSTALLED=''
BLAS_DEPENDENCIES=''
BLAS_LIBS='/usr/local/lib/libcoinblas.a -lgfortran  -L/usr/local/gfortran/lib/gcc/x86_64-apple-darwin16/6.3.0 -L/usr/local/gfortran/lib/gcc/x86_64-apple-darwin16/6.3.0/../../.. -lgfortran -lSystem -lquadmath -lm'
BLAS_LIBS_INSTALLED=''
BLUEGENEEXTRA='echo'
BUILDTOOLSDIR=''
BUILD_INEXACT_FALSE=''
BUILD_INEXACT_TRUE=''
BUILD_LINEARSOLVERLOADER_FALSE=''
BUILD_LINEARSOLVERLOADER_TRUE=''
BUILD_PARDISOLOADER_FALSE=''
BUILD_PARDISOLOADER_TRUE=''
CC='clang'
CCDEPMODE='depmode=gcc3'
CDEFS=''
CFLAGS='-O3 -pipe -DNDEBUG -Wimplicit -Wparentheses -Wsequence-point -Wreturn-type -Wcast-qual -Wall -Wno-unknown-pragmas -Wno-long-long   -DIPOPT_BUILD'
COIN_CC_IS_CL_FALSE=''
COIN_CC_IS_CL_TRUE='#'
COIN_CXX_IS_CL_FALSE=''
COIN_CXX_IS_CL_TRUE='#'
COIN_HAS_ASL_FALSE=''
COIN_HAS_ASL_TRUE=''
COIN_HAS_BLAS_FALSE='#'
COIN_HAS_BLAS_TRUE=''
COIN_HAS_HSL_FALSE=''
COIN_HAS_HSL_TRUE=''
COIN_HAS_LAPACK_FALSE=''
COIN_HAS_LAPACK_TRUE=''
COIN_HAS_MUMPS_FALSE=''
COIN_HAS_MUMPS_TRUE=''
COIN_HAS_PKGCONFIG_FALSE='#'
COIN_HAS_PKGCONFIG_TRUE=''
COIN_PKG_CONFIG_PATH='/usr/local/lib64/pkgconfig:/usr/local/lib/pkgconfig:/usr/local/share/pkgconfig:'
COIN_PKG_CONFIG_PATH_UNINSTALLED='/Users/venice/Developer/driving/Ipopt-3.12.1/Ipopt:/Users/venice/Developer/driving/Ipopt-3.12.1/ThirdParty/Mumps:/Users/venice/Developer/driving/Ipopt-3.12.1/ThirdParty/Metis:/Users/venice/Developer/driving/Ipopt-3.12.1/ThirdParty/ASL:'
CPP='clang -E'
CPPFLAGS=''
CXX='clang++'
CXXAR=''
CXXCPP='clang++ -E'
CXXDEFS=''
CXXDEPMODE='depmode=gcc3'
CXXFLAGS='-O3 -pipe -DNDEBUG    -DIPOPT_BUILD'
CXXLIBS='-lc++'
CYGPATH_W='echo'
DBG_CFLAGS='-g -O0 -pipe -Wimplicit -Wparentheses -Wsequence-point -Wreturn-type -Wcast-qual -Wall -Wno-unknown-pragmas -Wno-long-long  '
DBG_CXXFLAGS='-g -O0 -pipe   '
DBG_FFLAGS='-g -O0 -pipe  '
DEFS=''
DEPDIR='.deps'
DEPENDENCY_LINKING_FALSE='#'
DEPENDENCY_LINKING_TRUE=''
ECHO='/bin/echo'
ECHO_C='ECHO_N=''
ECHO_T=''
EGREP='grep -E'
EXEEXT=''
F77='gfortran'
FFLAGS='-O3 -pipe  '
FLIBS=' -L/usr/local/gfortran/lib/gcc/x86_64-apple-darwin16/6.3.0 -L/usr/local/gfortran/lib/gcc/x86_64-apple-darwin16/6.3.0/../../.. -lgfortran -lSystem -lquadmath -lm'
FRAMEWORK_VECLIB=''
HAVE_EXTERNALS_FALSE=''
HAVE_EXTERNALS_TRUE='#'
HAVE_MA28_FALSE=''
HAVE_MA28_TRUE=''
HAVE_PARDISO_FALSE=''
HAVE_PARDISO_TRUE=''
HAVE_WSMP_FALSE=''
HAVE_WSMP_TRUE=''
HSL_CFLAGS=''
HSL_CFLAGS_INSTALLED=''
HSL_DATA=''
HSL_DATA_INSTALLED=''
HSL_DEPENDENCIES=''
HSL_LIBS=''
HSL_LIBS_INSTALLED=''
INSTALL_DATA='${INSTALL} -m 644'
INSTALL_PROGRAM='${INSTALL}'
INSTALL_SCRIPT='${INSTALL}'
INSTALL_STRIP_PROGRAM='${SHELL} $(install_sh) -c -s'
IPALLLIBS=''
IPOPTAMPLINTERFACELIB_CFLAGS=''
IPOPTAMPLINTERFACELIB_CFLAGS_INSTALLED=''
IPOPTAMPLINTERFACELIB_DEPENDENCIES=''
IPOPTAMPLINTERFACELIB_LIBS=''
IPOPTAMPLINTERFACELIB_LIBS_INSTALLED=''
IPOPTAMPLINTERFACELIB_PCLIBS=''
IPOPTAMPLINTERFACELIB_PCREQUIRES=''
IPOPTLIB_CFLAGS=''
IPOPTLIB_CFLAGS_INSTALLED=''
IPOPTLIB_DEPENDENCIES=''
IPOPTLIB_LIBS='/usr/local/lib/libcoinblas.a -lgfortran  -L/usr/local/gfortran/lib/gcc/x86_64-apple-darwin16/6.3.0 -L/usr/local/gfortran/lib/gcc/x86_64-apple-darwin16/6.3.0/../../.. -lgfortran -lSystem -lquadmath -lm -lm '
IPOPTLIB_LIBS_INSTALLED='/usr/local/lib/libcoinblas.a -lgfortran  -L/usr/local/gfortran/lib/gcc/x86_64-apple-darwin16/6.3.0 -L/usr/local/gfortran/lib/gcc/x86_64-apple-darwin16/6.3.0/../../.. -lgfortran -lSystem -lquadmath -lm -lm '
IPOPTLIB_PCLIBS='/usr/local/lib/libcoinblas.a -lgfortran  -L/usr/local/gfortran/lib/gcc/x86_64-apple-darwin16/6.3.0 -L/usr/local/gfortran/lib/gcc/x86_64-apple-darwin16/6.3.0/../../.. -lgfortran -lSystem -lquadmath -lm -lm '
IPOPTLIB_PCREQUIRES=''
IPOPT_SVN_REV=''
JAVA_HOME=''
JIPOPTDLL=''
LAPACK_CFLAGS=''
LAPACK_CFLAGS_INSTALLED=''
LAPACK_DATA=''
LAPACK_DATA_INSTALLED=''
LAPACK_DEPENDENCIES=''
LAPACK_LIBS=''
LAPACK_LIBS_INSTALLED=''
LDFLAGS=''
LIBEXT=''
LIBOBJS=''
LIBS='/usr/local/lib/libcoinlapack.a /usr/local/lib/libcoinblas.a -lgfortran  -L/usr/local/gfortran/lib/gcc/x86_64-apple-darwin16/6.3.0 -L/usr/local/gfortran/lib/gcc/x86_64-apple-darwin16/6.3.0/../../.. -lgfortran -lSystem -lquadmath -lm '
LIBTOOL='$(SHELL) $(top_builddir)/../libtool'
LIBTOOLM4=''
LN_S='ln -s'
LTLIBOBJS=''
LT_LDFLAGS='-no-undefined -version-info 11:1:10'
MAINT='#'
MAINTAINER_MODE_FALSE=''
MAINTAINER_MODE_TRUE='#'
MAKEINFO='${SHELL} /Users/venice/Developer/driving/Ipopt-3.12.1/Ipopt/missing --run makeinfo'
MATLAB_CYGPATH_W='echo'
MATLAB_HOME=''
MEXSUFFIX=''
MEX_STATIC_FALSE=''
MEX_STATIC_TRUE=''
MEX_WINDOWS_FALSE=''
MEX_WINDOWS_TRUE=''
MPICC=''
MPICXX=''
MPIF77=''
MUMPS_CFLAGS=''
MUMPS_CFLAGS_INSTALLED=''
MUMPS_DATA=''
MUMPS_DATA_INSTALLED=''
MUMPS_DEPENDENCIES=''
MUMPS_LIBS=''
MUMPS_LIBS_INSTALLED=''
MWMA57PATH=''
OBJEXT='o'
OPT_CFLAGS='-O3 -pipe -DNDEBUG -Wimplicit -Wparentheses -Wsequence-point -Wreturn-type -Wcast-qual -Wall -Wno-unknown-pragmas -Wno-long-long  '
OPT_CXXFLAGS='-O3 -pipe -DNDEBUG   '
OPT_FFLAGS='-O3 -pipe  '
PACKAGE='ipopt'
PACKAGE_BUGREPORT='http://projects.coin-or.org/Ipopt/newticket'
PACKAGE_NAME='Ipopt'
PACKAGE_STRING='Ipopt 3.12.1'
PACKAGE_TARNAME='ipopt'
PACKAGE_VERSION='3.12.1'
PATH_SEPARATOR=':'
PKG_CONFIG='pkg-config'
RANLIB='ranlib'
RPATH_FLAGS=''
SET_MAKE=''
SHARED_FLAGS=''
SHELL='/bin/sh'
STRIP='strip'
VERSION='3.12.1'
VPATH_DISTCLEANFILES=''
abs_bin_dir='/usr/local/bin'
abs_include_dir='/usr/local/include'
abs_lib_dir='/usr/local/lib'
abs_source_dir='/Users/venice/Developer/driving/Ipopt-3.12.1/Ipopt'
ac_c_preproc_warn_flag=''
ac_ct_AR='ar'
ac_ct_CC='clang'
ac_ct_CXX='clang++'
ac_ct_F77='gfortran'
ac_ct_PKG_CONFIG='pkg-config'
ac_ct_RANLIB='ranlib'
ac_ct_STRIP='strip'
ac_cxx_preproc_warn_flag=''
am__fastdepCC_FALSE='#'
am__fastdepCC_TRUE=''
am__fastdepCXX_FALSE='#'
am__fastdepCXX_TRUE=''
am__include='include'
am__leading_dot='.'
am__quote=''
am__tar='${AMTAR} chof - "$$tardir"'
am__untar='${AMTAR} xf -'
bindir='${exec_prefix}/bin'
build='i386-apple-darwin17.4.0'
build_alias=''
build_cpu='i386'
build_os='darwin17.4.0'
build_vendor='apple'
coin_doxy_excludes=''
coin_doxy_logname='doxydoc/ipopt_doxy.log'
coin_doxy_tagfiles=''
coin_doxy_tagname='doxydoc/ipopt_doxy.tag'
coin_doxy_usedot='YES'
coin_have_doxygen='no'
datadir='${prefix}/share'
exec_prefix='NONE'
have_autoconf=''
have_automake=''
have_svn=''
have_svnversion='yes'
host='i386-apple-darwin17.4.0'
host_alias=''
host_cpu='i386'
host_os='darwin17.4.0'
host_vendor='apple'
includedir='${prefix}/include'
infodir='${prefix}/info'
install_sh='/Users/venice/Developer/driving/Ipopt-3.12.1/Ipopt/install-sh'
libdir='${exec_prefix}/lib'
libexecdir='${exec_prefix}/libexec'
localstatedir='${prefix}/var'
mandir='${prefix}/man'
mkdir_p='$(install_sh) -d'
oldincludedir='/usr/include'
prefix='/usr/local'
program_transform_name='s,x,x,'
sbindir='${exec_prefix}/sbin'
sharedstatedir='${prefix}/com'
sol_cc_compiler=''
sysconfdir='${prefix}/etc'
target_alias=''

## ----------- ##
## confdefs.h. ##
## ----------- ##

#define COIN_HAS_BLAS 1
#define COIN_IPOPT_CHECKLEVEL 0
#define COIN_IPOPT_VERBOSITY 0
#define F77_FUNC(name,NAME) name ## _
#define F77_FUNC_(name,NAME) name ## _
#define HAVE_DLFCN_H 1
#define HAVE_INTTYPES_H 1
#define HAVE_MEMORY_H 1
#define HAVE_STDINT_H 1
#define HAVE_STDLIB_H 1
#define HAVE_STRINGS_H 1
#define HAVE_STRING_H 1
#define HAVE_SYS_STAT_H 1
#define HAVE_SYS_TYPES_H 1
#define HAVE_UNISTD_H 1
#define IPOPT_VERSION "3.12.1"
#define IPOPT_VERSION_MAJOR 3
#define IPOPT_VERSION_MINOR 12
#define IPOPT_VERSION_RELEASE 1
#define PACKAGE "ipopt"
#define PACKAGE_BUGREPORT "http://projects.coin-or.org/Ipopt/newticket"
#define PACKAGE_NAME "Ipopt"
#define PACKAGE_STRING "Ipopt 3.12.1"
#define PACKAGE_TARNAME "ipopt"
#define PACKAGE_VERSION "3.12.1"
#define STDC_HEADERS 1
#define VERSION "3.12.1"
#endif
#ifdef __cplusplus
extern "C" void exit (int);

configure: exit 1
