This file contains any messages produced by compilers while
running configure, to aid debugging if configure makes a mistake.

It was created by Ipopt configure 3.12.1, which was
generated by GNU Autoconf 2.59.  Invocation command line was

  $ ./configure --prefix=/usr/local coin_skip_warn_cxxflags=yes --with-blas=/usr/local/lib/libcoinblas.a -lgfortran --with-lapack=/usr/local/lib/libcoinlapack.a

## --------- ##
## Platform. ##
## --------- ##

hostname = jonathans-mbp.lan
uname -m = x86_64
uname -r = 17.4.0
uname -s = Darwin
uname -v = Darwin Kernel Version 17.4.0: Sun Dec 17 09:19:54 PST 2017; root:xnu-4570.41.2~1/RELEASE_X86_64

/usr/bin/uname -p = i386
/bin/uname -X     = unknown

/bin/arch              = unknown
/usr/bin/arch -k       = unknown
/usr/convex/getsysinfo = unknown
hostinfo               = Mach kernel version:
	 Darwin Kernel Version 17.4.0: Sun Dec 17 09:19:54 PST 2017; root:xnu-4570.41.2~1/RELEASE_X86_64
Kernel configured for up to 4 processors.
2 processors are physically available.
4 processors are logically available.
Processor type: x86_64h (Intel x86-64h Haswell)
Processors active: 0 1 2 3
Primary memory available: 16.00 gigabytes
Default processor set: 368 tasks, 1462 threads, 4 processors
Load average: 5.83, Mach factor: 1.17
/bin/machine           = unknown
/usr/bin/oslevel       = unknown
/bin/universe          = unknown

PATH: /Users/venice/torch/install/bin
PATH: /Users/venice/.rbenv/shims
PATH: /Users/venice/.rbenv/bin
PATH: /usr/local/sbin
PATH: /usr/local/bin
PATH: /usr/bin
PATH: /bin
PATH: /usr/sbin
PATH: /sbin
PATH: /usr/local/go/bin
PATH: /opt/X11/bin


## ----------- ##
## Core tests. ##
## ----------- ##

configure:1700: checking build system type
configure:1718: result: i386-apple-darwin17.4.0
configure:1729: checking whether we want to compile in debug mode
configure:1758: result: no
configure:1974: checking for clang
configure:1990: found /usr/bin/clang
configure:2000: result: clang
configure:2021: checking for C compiler version
configure:2024: clang --version </dev/null >&5
Apple LLVM version 9.1.0 (clang-902.0.39.1)
Target: x86_64-apple-darwin17.4.0
Thread model: posix
InstalledDir: /Applications/Xcode.app/Contents/Developer/Toolchains/XcodeDefault.xctoolchain/usr/bin
configure:2027: $? = 0
configure:2029: clang -v </dev/null >&5
Apple LLVM version 9.1.0 (clang-902.0.39.1)
Target: x86_64-apple-darwin17.4.0
Thread model: posix
InstalledDir: /Applications/Xcode.app/Contents/Developer/Toolchains/XcodeDefault.xctoolchain/usr/bin
configure:2032: $? = 0
configure:2034: clang -V </dev/null >&5
clang: error: argument to '-V' is missing (expected 1 value)
clang: error: no input files
configure:2037: $? = 1
configure:2060: checking for C compiler default output file name
configure:2063: clang    conftest.c  >&5
configure:2066: $? = 0
configure:2112: result: a.out
configure:2117: checking whether the C compiler works
configure:2123: ./a.out
configure:2126: $? = 0
configure:2143: result: yes
configure:2150: checking whether we are cross compiling
configure:2152: result: no
configure:2155: checking for suffix of executables
configure:2157: clang -o conftest    conftest.c  >&5
configure:2160: $? = 0
configure:2185: result: 
configure:2191: checking for suffix of object files
configure:2212: clang -c   conftest.c >&5
configure:2215: $? = 0
configure:2237: result: o
configure:2241: checking whether we are using the GNU C compiler
configure:2265: clang -c   conftest.c >&5
configure:2271: $? = 0
configure:2275: test -z 
			 || test ! -s conftest.err
configure:2278: $? = 0
configure:2281: test -s conftest.o
configure:2284: $? = 0
configure:2297: result: yes
configure:2303: checking whether clang accepts -g
configure:2324: clang -c -g  conftest.c >&5
configure:2330: $? = 0
configure:2334: test -z 
			 || test ! -s conftest.err
configure:2337: $? = 0
configure:2340: test -s conftest.o
configure:2343: $? = 0
configure:2354: result: yes
configure:2371: checking for clang option to accept ANSI C
configure:2441: clang  -c -g -O2  conftest.c >&5
configure:2447: $? = 0
configure:2451: test -z 
			 || test ! -s conftest.err
configure:2454: $? = 0
configure:2457: test -s conftest.o
configure:2460: $? = 0
configure:2478: result: none needed
configure:2496: clang -c -g -O2  conftest.c >&5
conftest.c:2:3: error: unknown type name 'choke'
  choke me
  ^
conftest.c:2:11: error: expected ';' after top level declarator
  choke me
          ^
          ;
2 errors generated.
configure:2502: $? = 1
configure: failed program was:
| #ifndef __cplusplus
|   choke me
| #endif
configure:2930: clang -o conftest -O3 -pipe -DNDEBUG -Wimplicit -Wparentheses -Wsequence-point -Wreturn-type -Wcast-qual -Wall -Wno-unknown-pragmas -Wno-long-long     conftest.c  >&5
configure:2936: $? = 0
configure:2940: test -z 
			 || test ! -s conftest.err
configure:2943: $? = 0
configure:2946: test -s conftest
configure:2949: $? = 0
configure:3016: C compiler options are: -O3 -pipe -DNDEBUG -Wimplicit -Wparentheses -Wsequence-point -Wreturn-type -Wcast-qual -Wall -Wno-unknown-pragmas -Wno-long-long  
configure:3133: checking for clang++
configure:3149: found /usr/bin/clang++
configure:3159: result: clang++
configure:3175: checking for C++ compiler version
configure:3178: clang++ --version </dev/null >&5
Apple LLVM version 9.1.0 (clang-902.0.39.1)
Target: x86_64-apple-darwin17.4.0
Thread model: posix
InstalledDir: /Applications/Xcode.app/Contents/Developer/Toolchains/XcodeDefault.xctoolchain/usr/bin
configure:3181: $? = 0
configure:3183: clang++ -v </dev/null >&5
Apple LLVM version 9.1.0 (clang-902.0.39.1)
Target: x86_64-apple-darwin17.4.0
Thread model: posix
InstalledDir: /Applications/Xcode.app/Contents/Developer/Toolchains/XcodeDefault.xctoolchain/usr/bin
configure:3186: $? = 0
configure:3188: clang++ -V </dev/null >&5
clang: error: argument to '-V' is missing (expected 1 value)
clang: error: no input files
configure:3191: $? = 1
configure:3194: checking whether we are using the GNU C++ compiler
configure:3218: clang++ -c   conftest.cc >&5
configure:3224: $? = 0
configure:3228: test -z 
			 || test ! -s conftest.err
configure:3231: $? = 0
configure:3234: test -s conftest.o
configure:3237: $? = 0
configure:3250: result: yes
configure:3256: checking whether clang++ accepts -g
configure:3277: clang++ -c -g  conftest.cc >&5
configure:3283: $? = 0
configure:3287: test -z 
			 || test ! -s conftest.err
configure:3290: $? = 0
configure:3293: test -s conftest.o
configure:3296: $? = 0
configure:3307: result: yes
configure:3349: clang++ -c -g -O2  conftest.cc >&5
configure:3355: $? = 0
configure:3359: test -z 
			 || test ! -s conftest.err
configure:3362: $? = 0
configure:3365: test -s conftest.o
configure:3368: $? = 0
configure:3394: clang++ -c -g -O2  conftest.cc >&5
conftest.cc:13:1: error: use of undeclared identifier 'exit'
exit (42);
^
1 error generated.
configure:3400: $? = 1
configure: failed program was:
| /* confdefs.h.  */
| 
| #define PACKAGE_NAME "Ipopt"
| #define PACKAGE_TARNAME "ipopt"
| #define PACKAGE_VERSION "3.12.1"
| #define PACKAGE_STRING "Ipopt 3.12.1"
| #define PACKAGE_BUGREPORT "http://projects.coin-or.org/Ipopt/newticket"
| /* end confdefs.h.  */
| 
| int
| main ()
| {
| exit (42);
|   ;
|   return 0;
| }
configure:3349: clang++ -c -g -O2  conftest.cc >&5
conftest.cc:9:17: error: use of undeclared identifier 'std'
extern "C" void std::exit (int) throw (); using std::exit;
                ^
conftest.cc:9:49: error: use of undeclared identifier 'std'
extern "C" void std::exit (int) throw (); using std::exit;
                                                ^
2 errors generated.
configure:3355: $? = 1
configure: failed program was:
| /* confdefs.h.  */
| 
| #define PACKAGE_NAME "Ipopt"
| #define PACKAGE_TARNAME "ipopt"
| #define PACKAGE_VERSION "3.12.1"
| #define PACKAGE_STRING "Ipopt 3.12.1"
| #define PACKAGE_BUGREPORT "http://projects.coin-or.org/Ipopt/newticket"
| /* end confdefs.h.  */
| extern "C" void std::exit (int) throw (); using std::exit;
| #include <stdlib.h>
| int
| main ()
| {
| exit (42);
|   ;
|   return 0;
| }
configure:3349: clang++ -c -g -O2  conftest.cc >&5
conftest.cc:9:17: error: use of undeclared identifier 'std'
extern "C" void std::exit (int); using std::exit;
                ^
conftest.cc:9:40: error: use of undeclared identifier 'std'
extern "C" void std::exit (int); using std::exit;
                                       ^
2 errors generated.
configure:3355: $? = 1
configure: failed program was:
| /* confdefs.h.  */
| 
| #define PACKAGE_NAME "Ipopt"
| #define PACKAGE_TARNAME "ipopt"
| #define PACKAGE_VERSION "3.12.1"
| #define PACKAGE_STRING "Ipopt 3.12.1"
| #define PACKAGE_BUGREPORT "http://projects.coin-or.org/Ipopt/newticket"
| /* end confdefs.h.  */
| extern "C" void std::exit (int); using std::exit;
| #include <stdlib.h>
| int
| main ()
| {
| exit (42);
|   ;
|   return 0;
| }
configure:3349: clang++ -c -g -O2  conftest.cc >&5
In file included from conftest.cc:10:
In file included from /Applications/Xcode.app/Contents/Developer/Toolchains/XcodeDefault.xctoolchain/usr/include/c++/v1/stdlib.h:94:
/Applications/Xcode.app/Contents/Developer/Platforms/MacOSX.platform/Developer/SDKs/MacOSX10.13.sdk/usr/include/stdlib.h:150:7: error: 'exit' is missing exception specification 'throw()'
void     exit(int) __dead2;
         ^
conftest.cc:9:17: note: previous declaration is here
extern "C" void exit (int) throw ();
                ^
1 error generated.
configure:3355: $? = 1
configure: failed program was:
| /* confdefs.h.  */
| 
| #define PACKAGE_NAME "Ipopt"
| #define PACKAGE_TARNAME "ipopt"
| #define PACKAGE_VERSION "3.12.1"
| #define PACKAGE_STRING "Ipopt 3.12.1"
| #define PACKAGE_BUGREPORT "http://projects.coin-or.org/Ipopt/newticket"
| /* end confdefs.h.  */
| extern "C" void exit (int) throw ();
| #include <stdlib.h>
| int
| main ()
| {
| exit (42);
|   ;
|   return 0;
| }
configure:3349: clang++ -c -g -O2  conftest.cc >&5
configure:3355: $? = 0
configure:3359: test -z 
			 || test ! -s conftest.err
configure:3362: $? = 0
configure:3365: test -s conftest.o
configure:3368: $? = 0
configure:3394: clang++ -c -g -O2  conftest.cc >&5
configure:3400: $? = 0
configure:3404: test -z 
			 || test ! -s conftest.err
configure:3407: $? = 0
configure:3410: test -s conftest.o
configure:3413: $? = 0
configure:3445: checking whether C++ compiler clang++ works
configure:3463: clang++ -c -g -O2  conftest.cc >&5
configure:3469: $? = 0
configure:3473: test -z 
			 || test ! -s conftest.err
configure:3476: $? = 0
configure:3479: test -s conftest.o
configure:3482: $? = 0
configure:3484: result: yes
configure:3812: clang++ -o conftest -O3 -pipe -DNDEBUG      conftest.cc  >&5
configure:3818: $? = 0
configure:3822: test -z 
			 || test ! -s conftest.err
configure:3825: $? = 0
configure:3828: test -s conftest
configure:3831: $? = 0
configure:3898: C++ compiler options are: -O3 -pipe -DNDEBUG   
configure:3969: Trying to determine Fortran compiler name
configure:4018: checking for xlf_r
configure:4047: result: no
configure:4018: checking for fort77
configure:4047: result: no
configure:4018: checking for gfortran
configure:4034: found /usr/local/bin/gfortran
configure:4044: result: gfortran
configure:4152: checking for Fortran 77 compiler version
configure:4155: gfortran --version </dev/null >&5
GNU Fortran (GCC) 6.3.0
Copyright (C) 2016 Free Software Foundation, Inc.
This is free software; see the source for copying conditions.  There is NO
warranty; not even for MERCHANTABILITY or FITNESS FOR A PARTICULAR PURPOSE.

configure:4158: $? = 0
configure:4160: gfortran -v </dev/null >&5
Using built-in specs.
COLLECT_GCC=gfortran
COLLECT_LTO_WRAPPER=/usr/local/gfortran/libexec/gcc/x86_64-apple-darwin16/6.3.0/lto-wrapper
Target: x86_64-apple-darwin16
Configured with: ../gcc-6.3.0/configure --prefix=/usr/local/gfortran --enable-languages=c,c++,fortran,objc,obj-c++ --build=x86_64-apple-darwin16 --with-gmp=/Users/fx/devel/gcc/deps-static/x86_64 --with-mpfr=/Users/fx/devel/gcc/deps-static/x86_64 --with-mpc=/Users/fx/devel/gcc/deps-static/x86_64 --with-isl=/Users/fx/devel/gcc/deps-static/x86_64
Thread model: posix
gcc version 6.3.0 (GCC) 
configure:4163: $? = 0
configure:4165: gfortran -V </dev/null >&5
gfortran: error: unrecognized command line option '-V'
gfortran: fatal error: no input files
compilation terminated.
configure:4168: $? = 1
configure:4176: checking whether we are using the GNU Fortran 77 compiler
configure:4190: gfortran -c  conftest.F >&5
configure:4196: $? = 0
configure:4200: test -z 
			 || test ! -s conftest.err
configure:4203: $? = 0
configure:4206: test -s conftest.o
configure:4209: $? = 0
configure:4222: result: yes
configure:4228: checking whether gfortran accepts -g
configure:4240: gfortran -c -g conftest.f >&5
configure:4246: $? = 0
configure:4250: test -z 
			 || test ! -s conftest.err
configure:4253: $? = 0
configure:4256: test -s conftest.o
configure:4259: $? = 0
configure:4271: result: yes
configure:4506: gfortran -o conftest -O3 -pipe    conftest.f  >&5
configure:4512: $? = 0
configure:4516: test -z 
			 || test ! -s conftest.err
configure:4519: $? = 0
configure:4522: test -s conftest
configure:4525: $? = 0
configure:4583: Fortran compiler options are: -O3 -pipe  
configure:4702: checking for egrep
configure:4712: result: grep -E
configure:4717: checking whether ln -s works
configure:4721: result: yes
configure:4742: checking for a BSD-compatible install
configure:4797: result: /usr/local/bin/ginstall -c
configure:4808: checking whether build environment is sane
configure:4851: result: yes
configure:4916: checking for gawk
configure:4932: found /usr/local/bin/gawk
configure:4942: result: gawk
configure:4952: checking whether make sets $(MAKE)
configure:4972: result: yes
configure:5002: checking for style of include used by make
configure:5030: result: GNU
configure:5211: checking dependency style of clang
configure:5301: result: gcc3
configure:5320: checking dependency style of clang++
configure:5410: result: gcc3
configure:5428: checking whether to enable maintainer-specific portions of Makefiles
configure:5437: result: no
configure:5887: checking host system type
configure:5901: result: i386-apple-darwin17.4.0
configure:5909: checking for a sed that does not truncate output
configure:5963: result: /usr/local/bin/gsed
configure:5977: checking for ld used by clang
configure:6044: result: /Applications/Xcode.app/Contents/Developer/Toolchains/XcodeDefault.xctoolchain/usr/bin/ld
configure:6053: checking if the linker (/Applications/Xcode.app/Contents/Developer/Toolchains/XcodeDefault.xctoolchain/usr/bin/ld) is GNU ld
configure:6068: result: no
configure:6073: checking for /Applications/Xcode.app/Contents/Developer/Toolchains/XcodeDefault.xctoolchain/usr/bin/ld option to reload object files
configure:6080: result: -r
configure:6098: checking for BSD-compatible nm
configure:6147: result: /usr/bin/nm -B
configure:6151: checking how to recognise dependent libraries
configure:6327: result: pass_all
configure:6563: checking how to run the C preprocessor
configure:6598: clang -E  conftest.c
configure:6604: $? = 0
configure:6636: clang -E  conftest.c
conftest.c:14:10: fatal error: 'ac_nonexistent.h' file not found
#include <ac_nonexistent.h>
         ^~~~~~~~~~~~~~~~~~
1 error generated.
configure:6642: $? = 1
configure: failed program was:
| /* confdefs.h.  */
| 
| #define PACKAGE_NAME "Ipopt"
| #define PACKAGE_TARNAME "ipopt"
| #define PACKAGE_VERSION "3.12.1"
| #define PACKAGE_STRING "Ipopt 3.12.1"
| #define PACKAGE_BUGREPORT "http://projects.coin-or.org/Ipopt/newticket"
| #ifdef __cplusplus
| extern "C" void exit (int);
| #endif
| #define PACKAGE "ipopt"
| #define VERSION "3.12.1"
| /* end confdefs.h.  */
| #include <ac_nonexistent.h>
configure:6681: result: clang -E
configure:6705: clang -E  conftest.c
configure:6711: $? = 0
configure:6743: clang -E  conftest.c
conftest.c:14:10: fatal error: 'ac_nonexistent.h' file not found
#include <ac_nonexistent.h>
         ^~~~~~~~~~~~~~~~~~
1 error generated.
configure:6749: $? = 1
configure: failed program was:
| /* confdefs.h.  */
| 
| #define PACKAGE_NAME "Ipopt"
| #define PACKAGE_TARNAME "ipopt"
| #define PACKAGE_VERSION "3.12.1"
| #define PACKAGE_STRING "Ipopt 3.12.1"
| #define PACKAGE_BUGREPORT "http://projects.coin-or.org/Ipopt/newticket"
| #ifdef __cplusplus
| extern "C" void exit (int);
| #endif
| #define PACKAGE "ipopt"
| #define VERSION "3.12.1"
| /* end confdefs.h.  */
| #include <ac_nonexistent.h>
configure:6793: checking for ANSI C header files
configure:6818: clang -c -O3 -pipe -DNDEBUG -Wimplicit -Wparentheses -Wsequence-point -Wreturn-type -Wcast-qual -Wall -Wno-unknown-pragmas -Wno-long-long    conftest.c >&5
configure:6824: $? = 0
configure:6828: test -z 
			 || test ! -s conftest.err
configure:6831: $? = 0
configure:6834: test -s conftest.o
configure:6837: $? = 0
configure:6926: clang -o conftest -O3 -pipe -DNDEBUG -Wimplicit -Wparentheses -Wsequence-point -Wreturn-type -Wcast-qual -Wall -Wno-unknown-pragmas -Wno-long-long     conftest.c  >&5
conftest.c:31:7: warning: implicitly declaring library function 'exit' with type 'void (int) __attribute__((noreturn))' [-Wimplicit-function-declaration]
      exit(2);
      ^
conftest.c:31:7: note: include the header <stdlib.h> or explicitly provide a declaration for 'exit'
1 warning generated.
configure:6929: $? = 0
configure:6931: ./conftest
configure:6934: $? = 0
configure:6949: result: yes
configure:6973: checking for sys/types.h
configure:6989: clang -c -O3 -pipe -DNDEBUG -Wimplicit -Wparentheses -Wsequence-point -Wreturn-type -Wcast-qual -Wall -Wno-unknown-pragmas -Wno-long-long    conftest.c >&5
configure:6995: $? = 0
configure:6999: test -z 
			 || test ! -s conftest.err
configure:7002: $? = 0
configure:7005: test -s conftest.o
configure:7008: $? = 0
configure:7019: result: yes
configure:6973: checking for sys/stat.h
configure:6989: clang -c -O3 -pipe -DNDEBUG -Wimplicit -Wparentheses -Wsequence-point -Wreturn-type -Wcast-qual -Wall -Wno-unknown-pragmas -Wno-long-long    conftest.c >&5
configure:6995: $? = 0
configure:6999: test -z 
			 || test ! -s conftest.err
configure:7002: $? = 0
configure:7005: test -s conftest.o
configure:7008: $? = 0
configure:7019: result: yes
configure:6973: checking for stdlib.h
configure:6989: clang -c -O3 -pipe -DNDEBUG -Wimplicit -Wparentheses -Wsequence-point -Wreturn-type -Wcast-qual -Wall -Wno-unknown-pragmas -Wno-long-long    conftest.c >&5
configure:6995: $? = 0
configure:6999: test -z 
			 || test ! -s conftest.err
configure:7002: $? = 0
configure:7005: test -s conftest.o
configure:7008: $? = 0
configure:7019: result: yes
configure:6973: checking for string.h
configure:6989: clang -c -O3 -pipe -DNDEBUG -Wimplicit -Wparentheses -Wsequence-point -Wreturn-type -Wcast-qual -Wall -Wno-unknown-pragmas -Wno-long-long    conftest.c >&5
configure:6995: $? = 0
configure:6999: test -z 
			 || test ! -s conftest.err
configure:7002: $? = 0
configure:7005: test -s conftest.o
configure:7008: $? = 0
configure:7019: result: yes
configure:6973: checking for memory.h
configure:6989: clang -c -O3 -pipe -DNDEBUG -Wimplicit -Wparentheses -Wsequence-point -Wreturn-type -Wcast-qual -Wall -Wno-unknown-pragmas -Wno-long-long    conftest.c >&5
configure:6995: $? = 0
configure:6999: test -z 
			 || test ! -s conftest.err
configure:7002: $? = 0
configure:7005: test -s conftest.o
configure:7008: $? = 0
configure:7019: result: yes
configure:6973: checking for strings.h
configure:6989: clang -c -O3 -pipe -DNDEBUG -Wimplicit -Wparentheses -Wsequence-point -Wreturn-type -Wcast-qual -Wall -Wno-unknown-pragmas -Wno-long-long    conftest.c >&5
configure:6995: $? = 0
configure:6999: test -z 
			 || test ! -s conftest.err
configure:7002: $? = 0
configure:7005: test -s conftest.o
configure:7008: $? = 0
configure:7019: result: yes
configure:6973: checking for inttypes.h
configure:6989: clang -c -O3 -pipe -DNDEBUG -Wimplicit -Wparentheses -Wsequence-point -Wreturn-type -Wcast-qual -Wall -Wno-unknown-pragmas -Wno-long-long    conftest.c >&5
configure:6995: $? = 0
configure:6999: test -z 
			 || test ! -s conftest.err
configure:7002: $? = 0
configure:7005: test -s conftest.o
configure:7008: $? = 0
configure:7019: result: yes
configure:6973: checking for stdint.h
configure:6989: clang -c -O3 -pipe -DNDEBUG -Wimplicit -Wparentheses -Wsequence-point -Wreturn-type -Wcast-qual -Wall -Wno-unknown-pragmas -Wno-long-long    conftest.c >&5
configure:6995: $? = 0
configure:6999: test -z 
			 || test ! -s conftest.err
configure:7002: $? = 0
configure:7005: test -s conftest.o
configure:7008: $? = 0
configure:7019: result: yes
configure:6973: checking for unistd.h
configure:6989: clang -c -O3 -pipe -DNDEBUG -Wimplicit -Wparentheses -Wsequence-point -Wreturn-type -Wcast-qual -Wall -Wno-unknown-pragmas -Wno-long-long    conftest.c >&5
configure:6995: $? = 0
configure:6999: test -z 
			 || test ! -s conftest.err
configure:7002: $? = 0
configure:7005: test -s conftest.o
configure:7008: $? = 0
configure:7019: result: yes
configure:7045: checking dlfcn.h usability
configure:7057: clang -c -O3 -pipe -DNDEBUG -Wimplicit -Wparentheses -Wsequence-point -Wreturn-type -Wcast-qual -Wall -Wno-unknown-pragmas -Wno-long-long    conftest.c >&5
configure:7063: $? = 0
configure:7067: test -z 
			 || test ! -s conftest.err
configure:7070: $? = 0
configure:7073: test -s conftest.o
configure:7076: $? = 0
configure:7086: result: yes
configure:7090: checking dlfcn.h presence
configure:7100: clang -E  conftest.c
configure:7106: $? = 0
configure:7126: result: yes
configure:7161: checking for dlfcn.h
configure:7168: result: yes
configure:7191: checking how to run the C++ preprocessor
configure:7222: clang++ -E  conftest.cc
configure:7228: $? = 0
configure:7260: clang++ -E  conftest.cc
conftest.cc:25:10: fatal error: 'ac_nonexistent.h' file not found
#include <ac_nonexistent.h>
         ^~~~~~~~~~~~~~~~~~
1 error generated.
configure:7266: $? = 1
configure: failed program was:
| /* confdefs.h.  */
| 
| #define PACKAGE_NAME "Ipopt"
| #define PACKAGE_TARNAME "ipopt"
| #define PACKAGE_VERSION "3.12.1"
| #define PACKAGE_STRING "Ipopt 3.12.1"
| #define PACKAGE_BUGREPORT "http://projects.coin-or.org/Ipopt/newticket"
| #ifdef __cplusplus
| extern "C" void exit (int);
| #endif
| #define PACKAGE "ipopt"
| #define VERSION "3.12.1"
| #define STDC_HEADERS 1
| #define HAVE_SYS_TYPES_H 1
| #define HAVE_SYS_STAT_H 1
| #define HAVE_STDLIB_H 1
| #define HAVE_STRING_H 1
| #define HAVE_MEMORY_H 1
| #define HAVE_STRINGS_H 1
| #define HAVE_INTTYPES_H 1
| #define HAVE_STDINT_H 1
| #define HAVE_UNISTD_H 1
| #define HAVE_DLFCN_H 1
| /* end confdefs.h.  */
| #include <ac_nonexistent.h>
configure:7305: result: clang++ -E
configure:7329: clang++ -E  conftest.cc
configure:7335: $? = 0
configure:7367: clang++ -E  conftest.cc
conftest.cc:25:10: fatal error: 'ac_nonexistent.h' file not found
#include <ac_nonexistent.h>
         ^~~~~~~~~~~~~~~~~~
1 error generated.
configure:7373: $? = 1
configure: failed program was:
| /* confdefs.h.  */
| 
| #define PACKAGE_NAME "Ipopt"
| #define PACKAGE_TARNAME "ipopt"
| #define PACKAGE_VERSION "3.12.1"
| #define PACKAGE_STRING "Ipopt 3.12.1"
| #define PACKAGE_BUGREPORT "http://projects.coin-or.org/Ipopt/newticket"
| #ifdef __cplusplus
| extern "C" void exit (int);
| #endif
| #define PACKAGE "ipopt"
| #define VERSION "3.12.1"
| #define STDC_HEADERS 1
| #define HAVE_SYS_TYPES_H 1
| #define HAVE_SYS_STAT_H 1
| #define HAVE_STDLIB_H 1
| #define HAVE_STRING_H 1
| #define HAVE_MEMORY_H 1
| #define HAVE_STRINGS_H 1
| #define HAVE_INTTYPES_H 1
| #define HAVE_STDINT_H 1
| #define HAVE_UNISTD_H 1
| #define HAVE_DLFCN_H 1
| /* end confdefs.h.  */
| #include <ac_nonexistent.h>
configure:7422: checking the maximum length of command line arguments
configure:7531: result: 196608
configure:7542: checking command to parse /usr/bin/nm -B output from clang object
configure:7647: clang++ -c -O3 -pipe -DNDEBUG     conftest.cc >&5
configure:7650: $? = 0
configure:7654: /usr/bin/nm -B conftest.o \| sed -n -e 's/^.*[ 	]\([BCDEGRST][BCDEGRST]*\)[ 	][ 	]*\([_A-Za-z][_A-Za-z0-9]*\)$/\1 \2 \2/p' \> conftest.nm
configure:7657: $? = 0
cannot find nm_test_var in conftest.nm
configure:7647: clang++ -c -O3 -pipe -DNDEBUG     conftest.cc >&5
configure:7650: $? = 0
configure:7654: /usr/bin/nm -B conftest.o \| sed -n -e 's/^.*[ 	]\([BCDEGRST][BCDEGRST]*\)[ 	][ 	]*_\([_A-Za-z][_A-Za-z0-9]*\)$/\1 _\2 \2/p' \> conftest.nm
configure:7657: $? = 0
configure:7709: clang++ -o conftest -O3 -pipe -DNDEBUG      conftest.cc conftstm.o >&5
configure:7712: $? = 0
configure:7750: result: ok
configure:7754: checking for objdir
configure:7769: result: .libs
configure:7859: checking for ar
configure:7875: found /usr/bin/ar
configure:7886: result: ar
configure:7939: checking for ranlib
configure:7955: found /usr/bin/ranlib
configure:7966: result: ranlib
configure:8019: checking for strip
configure:8035: found /usr/bin/strip
configure:8046: result: strip
configure:8322: checking if clang supports -fno-rtti -fno-exceptions
configure:8340: clang -c -O3 -pipe -DNDEBUG -Wimplicit -Wparentheses -Wsequence-point -Wreturn-type -Wcast-qual -Wall -Wno-unknown-pragmas -Wno-long-long    -fno-rtti -fno-exceptions conftest.c >&5
configure:8344: $? = 0
configure:8357: result: yes
configure:8372: checking for clang option to produce PIC
configure:8582: result: -fno-common
configure:8590: checking if clang PIC flag -fno-common works
configure:8608: clang -c -O3 -pipe -DNDEBUG -Wimplicit -Wparentheses -Wsequence-point -Wreturn-type -Wcast-qual -Wall -Wno-unknown-pragmas -Wno-long-long    -fno-common -DPIC conftest.c >&5
configure:8612: $? = 0
configure:8625: result: yes
configure:8653: checking if clang static flag -static works
configure:8681: result: no
configure:8691: checking if clang supports -c -o file.o
configure:8712: clang -c -O3 -pipe -DNDEBUG -Wimplicit -Wparentheses -Wsequence-point -Wreturn-type -Wcast-qual -Wall -Wno-unknown-pragmas -Wno-long-long    -o out/conftest2.o conftest.c >&5
configure:8716: $? = 0
configure:8738: result: yes
configure:8764: checking whether the clang linker (/Applications/Xcode.app/Contents/Developer/Toolchains/XcodeDefault.xctoolchain/usr/bin/ld) supports shared libraries
configure:9722: result: yes
configure:9789: checking dynamic linker characteristics
configure:10377: result: darwin17.4.0 dyld
configure:10386: checking how to hardcode library paths into programs
configure:10411: result: immediate
configure:10425: checking whether stripping libraries is possible
configure:10438: result: yes
configure:11264: checking if libtool supports shared libraries
configure:11266: result: yes
configure:11269: checking whether to build shared libraries
configure:11290: result: yes
configure:11293: checking whether to build static libraries
configure:11297: result: no
configure:11389: creating libtool
configure:11977: checking for ld used by clang++
configure:12044: result: /Applications/Xcode.app/Contents/Developer/Toolchains/XcodeDefault.xctoolchain/usr/bin/ld
configure:12053: checking if the linker (/Applications/Xcode.app/Contents/Developer/Toolchains/XcodeDefault.xctoolchain/usr/bin/ld) is GNU ld
configure:12068: result: no
configure:12119: checking whether the clang++ linker (/Applications/Xcode.app/Contents/Developer/Toolchains/XcodeDefault.xctoolchain/usr/bin/ld) supports shared libraries
configure:13057: result: yes
configure:13079: clang++ -c -O3 -pipe -DNDEBUG     conftest.cpp >&5
configure:13082: $? = 0
configure:13201: checking for clang++ option to produce PIC
configure:13475: result: -fno-common
configure:13483: checking if clang++ PIC flag -fno-common works
configure:13501: clang++ -c -O3 -pipe -DNDEBUG     -fno-common -DPIC conftest.cpp >&5
configure:13505: $? = 0
configure:13518: result: yes
configure:13546: checking if clang++ static flag -static works
configure:13574: result: no
configure:13584: checking if clang++ supports -c -o file.o
configure:13605: clang++ -c -O3 -pipe -DNDEBUG     -o out/conftest2.o conftest.cpp >&5
configure:13609: $? = 0
configure:13631: result: yes
configure:13657: checking whether the clang++ linker (/Applications/Xcode.app/Contents/Developer/Toolchains/XcodeDefault.xctoolchain/usr/bin/ld) supports shared libraries
configure:13682: result: yes
configure:13749: checking dynamic linker characteristics
configure:14337: result: darwin17.4.0 dyld
configure:14346: checking how to hardcode library paths into programs
configure:14371: result: immediate
configure:14897: checking if libtool supports shared libraries
configure:14899: result: yes
configure:14902: checking whether to build shared libraries
configure:14922: result: yes
configure:14925: checking whether to build static libraries
configure:14929: result: no
configure:14939: checking for gfortran option to produce PIC
configure:15149: result: -fno-common
configure:15157: checking if gfortran PIC flag -fno-common works
configure:15175: gfortran -c -O3 -pipe   -fno-common conftest.f >&5
configure:15179: $? = 0
configure:15192: result: yes
configure:15220: checking if gfortran static flag -static works
configure:15248: result: no
configure:15258: checking if gfortran supports -c -o file.o
configure:15279: gfortran -c -O3 -pipe   -o out/conftest2.o conftest.f >&5
configure:15283: $? = 0
configure:15305: result: yes
configure:15331: checking whether the gfortran linker (/Applications/Xcode.app/Contents/Developer/Toolchains/XcodeDefault.xctoolchain/usr/bin/ld) supports shared libraries
configure:16269: result: yes
configure:16336: checking dynamic linker characteristics
configure:16924: result: darwin17.4.0 dyld
configure:16933: checking how to hardcode library paths into programs
configure:16958: result: immediate
configure:20544: Build is "i386-apple-darwin17.4.0".
configure:20637: Applying patches to libtool for Darwin
configure:20798: checking if library version is set
configure:20805: result: no
configure:20821: checking whether source of project ASL is available and should be compiled
configure:20930: result: yes, source in ThirdParty/ASL
configure:20945: checking whether source of project Blas is available and should be compiled
configure:21070: result: no, --with-blas has been specified
configure:21085: checking whether source of project Lapack is available and should be compiled
configure:21210: result: no, --with-lapack has been specified
configure:21225: checking whether source of project Metis is available and should be compiled
configure:21334: result: yes, source in ThirdParty/Metis
configure:21349: checking whether source of project HSL is available and should be compiled
configure:21458: result: no, source file ./ThirdParty/HSL/coinhsl/common/deps.f not available
configure:21473: checking whether source of project Mumps is available and should be compiled
configure:21582: result: yes, source in ThirdParty/Mumps
configure:21602: checking whether source of project Ipopt is available and should be compiled
configure:21699: result: yes, source in Ipopt
configure:21720: configuring doxygen documentation options
configure:21727: checking for doxygen
configure:21754: result: no
configure:21782: checking for dot
configure:21798: found /usr/local/bin/dot
configure:21809: result: YES
configure:21899: checking which command should be used to link input files
configure:21907: result: ln -s
configure:22139: creating ./config.status

## ---------------------- ##
## Running config.status. ##
## ---------------------- ##

This file was extended by Ipopt config.status 3.12.1, which was
generated by GNU Autoconf 2.59.  Invocation command line was

  CONFIG_FILES    = 
  CONFIG_HEADERS  = 
  CONFIG_LINKS    = 
  CONFIG_COMMANDS = 
  $ ./config.status 

on jonathans-mbp.lan

config.status:758: creating Makefile
config.status:758: creating doxydoc/doxygen.conf
config.status:941: executing depfiles commands
configure:23295: configuring in ThirdParty/ASL
configure:23412: running /bin/sh './configure' --prefix=/usr/local  '--prefix=/usr/local' 'coin_skip_warn_cxxflags=yes' '--with-blas=/usr/local/lib/libcoinblas.a -lgfortran' '--with-lapack=/usr/local/lib/libcoinlapack.a' --cache-file=/dev/null --srcdir=.
configure:23295: configuring in ThirdParty/Metis
configure:23412: running /bin/sh './configure' --prefix=/usr/local  '--prefix=/usr/local' 'coin_skip_warn_cxxflags=yes' '--with-blas=/usr/local/lib/libcoinblas.a -lgfortran' '--with-lapack=/usr/local/lib/libcoinlapack.a' --cache-file=/dev/null --srcdir=.
configure:23295: configuring in ThirdParty/Mumps
configure:23412: running /bin/sh './configure' --prefix=/usr/local  '--prefix=/usr/local' 'coin_skip_warn_cxxflags=yes' '--with-blas=/usr/local/lib/libcoinblas.a -lgfortran' '--with-lapack=/usr/local/lib/libcoinlapack.a' --cache-file=/dev/null --srcdir=.
configure:23295: configuring in Ipopt
configure:23412: running /bin/sh './configure' --prefix=/usr/local  '--prefix=/usr/local' 'coin_skip_warn_cxxflags=yes' '--with-blas=/usr/local/lib/libcoinblas.a -lgfortran' '--with-lapack=/usr/local/lib/libcoinlapack.a' --cache-file=/dev/null --srcdir=.
configure:23417: error: /bin/sh './configure' failed for Ipopt

## ---------------- ##
## Cache variables. ##
## ---------------- ##

ac_cv_build=i386-apple-darwin17.4.0
ac_cv_build_alias=i386-apple-darwin17.4.0
ac_cv_c_compiler_gnu=yes
ac_cv_cxx_compiler_gnu=yes
ac_cv_env_ADD_CFLAGS_set=
ac_cv_env_ADD_CFLAGS_value=
ac_cv_env_ADD_CXXFLAGS_set=
ac_cv_env_ADD_CXXFLAGS_value=
ac_cv_env_ADD_FFLAGS_set=
ac_cv_env_ADD_FFLAGS_value=
ac_cv_env_CC_set=
ac_cv_env_CC_value=
ac_cv_env_CDEFS_set=
ac_cv_env_CDEFS_value=
ac_cv_env_CFLAGS_set=
ac_cv_env_CFLAGS_value=
ac_cv_env_COIN_SKIP_PROJECTS_set=
ac_cv_env_COIN_SKIP_PROJECTS_value=
ac_cv_env_CPPFLAGS_set=
ac_cv_env_CPPFLAGS_value=
ac_cv_env_CPP_set=
ac_cv_env_CPP_value=
ac_cv_env_CXXCPP_set=
ac_cv_env_CXXCPP_value=
ac_cv_env_CXXDEFS_set=
ac_cv_env_CXXDEFS_value=
ac_cv_env_CXXFLAGS_set=
ac_cv_env_CXXFLAGS_value=
ac_cv_env_CXX_set=
ac_cv_env_CXX_value=
ac_cv_env_DBG_CFLAGS_set=
ac_cv_env_DBG_CFLAGS_value=
ac_cv_env_DBG_CXXFLAGS_set=
ac_cv_env_DBG_CXXFLAGS_value=
ac_cv_env_DBG_FFLAGS_set=
ac_cv_env_DBG_FFLAGS_value=
ac_cv_env_F77_set=
ac_cv_env_F77_value=
ac_cv_env_FFLAGS_set=
ac_cv_env_FFLAGS_value=
ac_cv_env_LDFLAGS_set=
ac_cv_env_LDFLAGS_value=
ac_cv_env_MPICC_set=
ac_cv_env_MPICC_value=
ac_cv_env_MPICXX_set=
ac_cv_env_MPICXX_value=
ac_cv_env_MPIF77_set=
ac_cv_env_MPIF77_value=
ac_cv_env_OPT_CFLAGS_set=
ac_cv_env_OPT_CFLAGS_value=
ac_cv_env_OPT_CXXFLAGS_set=
ac_cv_env_OPT_CXXFLAGS_value=
ac_cv_env_OPT_FFLAGS_set=
ac_cv_env_OPT_FFLAGS_value=
ac_cv_env_build_alias_set=
ac_cv_env_build_alias_value=
ac_cv_env_host_alias_set=
ac_cv_env_host_alias_value=
ac_cv_env_target_alias_set=
ac_cv_env_target_alias_value=
ac_cv_exeext=
ac_cv_f77_compiler_gnu=yes
ac_cv_header_dlfcn_h=yes
ac_cv_header_inttypes_h=yes
ac_cv_header_memory_h=yes
ac_cv_header_stdc=yes
ac_cv_header_stdint_h=yes
ac_cv_header_stdlib_h=yes
ac_cv_header_string_h=yes
ac_cv_header_strings_h=yes
ac_cv_header_sys_stat_h=yes
ac_cv_header_sys_types_h=yes
ac_cv_header_unistd_h=yes
ac_cv_host=i386-apple-darwin17.4.0
ac_cv_host_alias=i386-apple-darwin17.4.0
ac_cv_objext=o
ac_cv_path_install='/usr/local/bin/ginstall -c'
ac_cv_prog_AWK=gawk
ac_cv_prog_CPP='clang -E'
ac_cv_prog_CXXCPP='clang++ -E'
ac_cv_prog_ac_ct_AR=ar
ac_cv_prog_ac_ct_CC=clang
ac_cv_prog_ac_ct_CXX=clang++
ac_cv_prog_ac_ct_F77=gfortran
ac_cv_prog_ac_ct_RANLIB=ranlib
ac_cv_prog_ac_ct_STRIP=strip
ac_cv_prog_cc_g=yes
ac_cv_prog_cc_stdc=
ac_cv_prog_coin_doxy_usedot=YES
ac_cv_prog_coin_have_doxygen=no
ac_cv_prog_cxx_g=yes
ac_cv_prog_egrep='grep -E'
ac_cv_prog_f77_g=yes
ac_cv_prog_make_make_set=yes
am_cv_CC_dependencies_compiler_type=gcc3
am_cv_CXX_dependencies_compiler_type=gcc3
lt_cv_deplibs_check_method=pass_all
lt_cv_file_magic_cmd='$MAGIC_CMD'
lt_cv_file_magic_test_file=
lt_cv_ld_reload_flag=-r
lt_cv_objdir=.libs
lt_cv_path_LD=/Applications/Xcode.app/Contents/Developer/Toolchains/XcodeDefault.xctoolchain/usr/bin/ld
lt_cv_path_LDCXX=/Applications/Xcode.app/Contents/Developer/Toolchains/XcodeDefault.xctoolchain/usr/bin/ld
lt_cv_path_NM='/usr/bin/nm -B'
lt_cv_path_SED=/usr/local/bin/gsed
lt_cv_prog_compiler_c_o=yes
lt_cv_prog_compiler_c_o_CXX=yes
lt_cv_prog_compiler_c_o_F77=yes
lt_cv_prog_compiler_rtti_exceptions=yes
lt_cv_prog_gnu_ld=no
lt_cv_prog_gnu_ldcxx=no
lt_cv_sys_global_symbol_pipe='sed -n -e '\''s/^.*[ 	]\([BCDEGRST][BCDEGRST]*\)[ 	][ 	]*_\([_A-Za-z][_A-Za-z0-9]*\)$/\1 _\2 \2/p'\'''
lt_cv_sys_global_symbol_to_c_name_address='sed -n -e '\''s/^: \([^ ]*\) $/  {\"\1\", (lt_ptr) 0},/p'\'' -e '\''s/^[BCDEGRST] \([^ ]*\) \([^ ]*\)$/  {"\2", (lt_ptr) \&\2},/p'\'''
lt_cv_sys_global_symbol_to_cdecl='sed -n -e '\''s/^. .* \(.*\)$/extern int \1;/p'\'''
lt_cv_sys_max_cmd_len=196608
lt_lt_cv_prog_compiler_c_o='"yes"'
lt_lt_cv_prog_compiler_c_o_CXX='"yes"'
lt_lt_cv_prog_compiler_c_o_F77='"yes"'
lt_lt_cv_sys_global_symbol_pipe='"sed -n -e '\''s/^.*[ 	]\\([BCDEGRST][BCDEGRST]*\\)[ 	][ 	]*_\\([_A-Za-z][_A-Za-z0-9]*\\)\$/\\1 _\\2 \\2/p'\''"'
lt_lt_cv_sys_global_symbol_to_c_name_address='"sed -n -e '\''s/^: \\([^ ]*\\) \$/  {\\\"\\1\\\", (lt_ptr) 0},/p'\'' -e '\''s/^[BCDEGRST] \\([^ ]*\\) \\([^ ]*\\)\$/  {\"\\2\", (lt_ptr) \\&\\2},/p'\''"'
lt_lt_cv_sys_global_symbol_to_cdecl='"sed -n -e '\''s/^. .* \\(.*\\)\$/extern int \\1;/p'\''"'

## ----------------- ##
## Output variables. ##
## ----------------- ##

ABSBUILDDIR=''
ACLOCAL='${SHELL} /Users/venice/Developer/driving/Ipopt-3.12.1/missing --run aclocal-1.9'
ADD_CFLAGS=''
ADD_CXXFLAGS=''
ADD_FFLAGS=''
AMDEPBACKSLASH='\'
AMDEP_FALSE='#'
AMDEP_TRUE=''
AMTAR='${SHELL} /Users/venice/Developer/driving/Ipopt-3.12.1/missing --run tar'
AR='ar'
AUTOCONF='${SHELL} /Users/venice/Developer/driving/Ipopt-3.12.1/missing --run autoconf'
AUTOHEADER='${SHELL} /Users/venice/Developer/driving/Ipopt-3.12.1/missing --run autoheader'
AUTOMAKE='${SHELL} /Users/venice/Developer/driving/Ipopt-3.12.1/missing --run automake-1.9'
AUX_DIR=''
AWK='gawk'
BUILDTOOLSDIR=''
CC='clang'
CCDEPMODE='depmode=gcc3'
CDEFS=''
CFLAGS='-O3 -pipe -DNDEBUG -Wimplicit -Wparentheses -Wsequence-point -Wreturn-type -Wcast-qual -Wall -Wno-unknown-pragmas -Wno-long-long  '
COIN_CC_IS_CL_FALSE=''
COIN_CC_IS_CL_TRUE='#'
COIN_CXX_IS_CL_FALSE=''
COIN_CXX_IS_CL_TRUE='#'
COIN_SKIP_PROJECTS=''
CPP='clang -E'
CPPFLAGS=''
CXX='clang++'
CXXCPP='clang++ -E'
CXXDEFS=''
CXXDEPMODE='depmode=gcc3'
CXXFLAGS='-O3 -pipe -DNDEBUG   '
CYGPATH_W='echo'
DBG_CFLAGS='-g -O0 -pipe -Wimplicit -Wparentheses -Wsequence-point -Wreturn-type -Wcast-qual -Wall -Wno-unknown-pragmas -Wno-long-long  '
DBG_CXXFLAGS='-g -O0 -pipe   '
DBG_FFLAGS='-g -O0 -pipe  '
DEFS='-DPACKAGE_NAME=\"Ipopt\" -DPACKAGE_TARNAME=\"ipopt\" -DPACKAGE_VERSION=\"3.12.1\" -DPACKAGE_STRING=\"Ipopt\ 3.12.1\" -DPACKAGE_BUGREPORT=\"http://projects.coin-or.org/Ipopt/newticket\" -DPACKAGE=\"ipopt\" -DVERSION=\"3.12.1\" -DSTDC_HEADERS=1 -DHAVE_SYS_TYPES_H=1 -DHAVE_SYS_STAT_H=1 -DHAVE_STDLIB_H=1 -DHAVE_STRING_H=1 -DHAVE_MEMORY_H=1 -DHAVE_STRINGS_H=1 -DHAVE_INTTYPES_H=1 -DHAVE_STDINT_H=1 -DHAVE_UNISTD_H=1 -DHAVE_DLFCN_H=1 '
DEPDIR='.deps'
DEPENDENCY_LINKING_FALSE='#'
DEPENDENCY_LINKING_TRUE=''
ECHO='/bin/echo'
ECHO_C='ECHO_N=''
ECHO_T=''
EGREP='grep -E'
EXEEXT=''
F77='gfortran'
FFLAGS='-O3 -pipe  '
HAVE_EXTERNALS_FALSE=''
HAVE_EXTERNALS_TRUE='#'
INSTALL_DATA='${INSTALL} -m 644'
INSTALL_PROGRAM='${INSTALL}'
INSTALL_SCRIPT='${INSTALL}'
INSTALL_STRIP_PROGRAM='${SHELL} $(install_sh) -c -s'
LDFLAGS=''
LIBEXT='a'
LIBOBJS=''
LIBS=''
LIBTOOL='$(SHELL) $(top_builddir)/libtool'
LIBTOOLM4=''
LN_S='ln -s'
LTLIBOBJS=''
LT_LDFLAGS='-no-undefined'
MAINT='#'
MAINTAINER_MODE_FALSE=''
MAINTAINER_MODE_TRUE='#'
MAKEINFO='${SHELL} /Users/venice/Developer/driving/Ipopt-3.12.1/missing --run makeinfo'
MPICC=''
MPICXX=''
MPIF77=''
OBJEXT='o'
OPT_CFLAGS='-O3 -pipe -DNDEBUG -Wimplicit -Wparentheses -Wsequence-point -Wreturn-type -Wcast-qual -Wall -Wno-unknown-pragmas -Wno-long-long  '
OPT_CXXFLAGS='-O3 -pipe -DNDEBUG   '
OPT_FFLAGS='-O3 -pipe  '
PACKAGE='ipopt'
PACKAGE_BUGREPORT='http://projects.coin-or.org/Ipopt/newticket'
PACKAGE_NAME='Ipopt'
PACKAGE_STRING='Ipopt 3.12.1'
PACKAGE_TARNAME='ipopt'
PACKAGE_VERSION='3.12.1'
PATH_SEPARATOR=':'
RANLIB='ranlib'
RPATH_FLAGS=''
SET_MAKE=''
SHELL='/bin/sh'
STRIP='strip'
VERSION='3.12.1'
VPATH_DISTCLEANFILES=''
abs_bin_dir='/usr/local/bin'
abs_include_dir='/usr/local/include'
abs_lib_dir='/usr/local/lib'
abs_source_dir='/Users/venice/Developer/driving/Ipopt-3.12.1'
ac_c_preproc_warn_flag=''
ac_ct_AR='ar'
ac_ct_CC='clang'
ac_ct_CXX='clang++'
ac_ct_F77='gfortran'
ac_ct_RANLIB='ranlib'
ac_ct_STRIP='strip'
ac_cxx_preproc_warn_flag=''
am__fastdepCC_FALSE='#'
am__fastdepCC_TRUE=''
am__fastdepCXX_FALSE='#'
am__fastdepCXX_TRUE=''
am__include='include'
am__leading_dot='.'
am__quote=''
am__tar='${AMTAR} chof - "$$tardir"'
am__untar='${AMTAR} xf -'
bindir='${exec_prefix}/bin'
build='i386-apple-darwin17.4.0'
build_alias=''
build_cpu='i386'
build_os='darwin17.4.0'
build_vendor='apple'
coin_doxy_excludes=''
coin_doxy_logname='doxydoc/ipopt_doxy.log'
coin_doxy_tagfiles=''
coin_doxy_tagname='doxydoc/ipopt_doxy.tag'
coin_doxy_usedot='YES'
coin_have_doxygen='no'
datadir='${prefix}/share'
exec_prefix='${prefix}'
have_autoconf=''
have_automake=''
have_svn=''
host='i386-apple-darwin17.4.0'
host_alias=''
host_cpu='i386'
host_os='darwin17.4.0'
host_vendor='apple'
includedir='${prefix}/include'
infodir='${prefix}/info'
install_sh='/Users/venice/Developer/driving/Ipopt-3.12.1/install-sh'
libdir='${exec_prefix}/lib'
libexecdir='${exec_prefix}/libexec'
localstatedir='${prefix}/var'
mandir='${prefix}/man'
mkdir_p='$(install_sh) -d'
oldincludedir='/usr/include'
prefix='/usr/local'
program_transform_name='s,x,x,'
sbindir='${exec_prefix}/sbin'
sharedstatedir='${prefix}/com'
sol_cc_compiler=''
subdirs=' ThirdParty/ASL ThirdParty/Metis ThirdParty/Mumps Ipopt'
sysconfdir='${prefix}/etc'
target_alias=''

configure: exit 1
